This file contains any messages produced by compilers while
running configure, to aid debugging if configure makes a mistake.

It was created by libconfig configure 1.7.2, which was
generated by GNU Autoconf 2.69.  Invocation command line was

  $ ./configure 

## --------- ##
## Platform. ##
## --------- ##

hostname = michail-HP-EliteDesk-800-G1-TWR
uname -m = x86_64
uname -r = 4.15.0-46-generic
uname -s = Linux
uname -v = #49~16.04.1-Ubuntu SMP Tue Feb 12 17:45:24 UTC 2019

/usr/bin/uname -p = unknown
/bin/uname -X     = unknown

/bin/arch              = unknown
/usr/bin/arch -k       = unknown
/usr/convex/getsysinfo = unknown
/usr/bin/hostinfo      = unknown
/bin/machine           = unknown
/usr/bin/oslevel       = unknown
/bin/universe          = unknown

PATH: /home/michail/anaconda3/bin
PATH: /home/michail/anaconda3/bin
PATH: /home/michail/software/dependency_CIMAS/bin
PATH: /home/michail/software/dependency_CIMAS/irtk
PATH: /home/michail/software/MIRTK-master/super_build/bin
PATH: /bin
PATH: /home/michail/Qt/5.6/gcc_64/bin
PATH: /home/michail/software/CARPentry
PATH: /home/michail/software/MPICH/build/bin
PATH: /usr/local/sbin
PATH: /usr/local/bin
PATH: /usr/sbin
PATH: /usr/bin
PATH: /sbin
PATH: /bin
PATH: /snap/bin
PATH: /home/michail/software/VTK-8.1.1/build
PATH: /home/michail/software/carputils/bin
PATH: /home/michail/software/meshalyzer
PATH: /home/michail/software/caffee-master/
PATH: /opt/ParaView-5.6.0-osmesa-MPI-Linux-64bit/bin/


## ----------- ##
## Core tests. ##
## ----------- ##

configure:2403: checking build system type
configure:2417: result: x86_64-unknown-linux-gnu
configure:2437: checking host system type
configure:2450: result: x86_64-unknown-linux-gnu
configure:2470: checking target system type
configure:2483: result: x86_64-unknown-linux-gnu
configure:2525: checking for a BSD-compatible install
configure:2593: result: /usr/bin/install -c
configure:2604: checking whether build environment is sane
configure:2659: result: yes
configure:2810: checking for a thread-safe mkdir -p
configure:2849: result: /bin/mkdir -p
configure:2856: checking for gawk
configure:2872: found /usr/bin/gawk
configure:2883: result: gawk
configure:2894: checking whether make sets $(MAKE)
configure:2916: result: yes
configure:2945: checking whether make supports nested variables
configure:2962: result: yes
configure:3102: checking whether make supports nested variables
configure:3119: result: yes
configure:3131: libconfig - made with pride in Colorado
configure:3154: checking for style of include used by make
configure:3182: result: GNU
configure:3253: checking for gcc
configure:3269: found /usr/bin/gcc
configure:3280: result: gcc
configure:3509: checking for C compiler version
configure:3518: gcc --version >&5
gcc (Ubuntu 5.4.0-6ubuntu1~16.04.11) 5.4.0 20160609
Copyright (C) 2015 Free Software Foundation, Inc.
This is free software; see the source for copying conditions.  There is NO
warranty; not even for MERCHANTABILITY or FITNESS FOR A PARTICULAR PURPOSE.

configure:3529: $? = 0
configure:3518: gcc -v >&5
Using built-in specs.
COLLECT_GCC=gcc
COLLECT_LTO_WRAPPER=/usr/lib/gcc/x86_64-linux-gnu/5/lto-wrapper
Target: x86_64-linux-gnu
Configured with: ../src/configure -v --with-pkgversion='Ubuntu 5.4.0-6ubuntu1~16.04.11' --with-bugurl=file:///usr/share/doc/gcc-5/README.Bugs --enable-languages=c,ada,c++,java,go,d,fortran,objc,obj-c++ --prefix=/usr --program-suffix=-5 --enable-shared --enable-linker-build-id --libexecdir=/usr/lib --without-included-gettext --enable-threads=posix --libdir=/usr/lib --enable-nls --with-sysroot=/ --enable-clocale=gnu --enable-libstdcxx-debug --enable-libstdcxx-time=yes --with-default-libstdcxx-abi=new --enable-gnu-unique-object --disable-vtable-verify --enable-libmpx --enable-plugin --with-system-zlib --disable-browser-plugin --enable-java-awt=gtk --enable-gtk-cairo --with-java-home=/usr/lib/jvm/java-1.5.0-gcj-5-amd64/jre --enable-java-home --with-jvm-root-dir=/usr/lib/jvm/java-1.5.0-gcj-5-amd64 --with-jvm-jar-dir=/usr/lib/jvm-exports/java-1.5.0-gcj-5-amd64 --with-arch-directory=amd64 --with-ecj-jar=/usr/share/java/eclipse-ecj.jar --enable-objc-gc --enable-multiarch --disable-werror --with-arch-32=i686 --with-abi=m64 --with-multilib-list=m32,m64,mx32 --enable-multilib --with-tune=generic --enable-checking=release --build=x86_64-linux-gnu --host=x86_64-linux-gnu --target=x86_64-linux-gnu
Thread model: posix
gcc version 5.4.0 20160609 (Ubuntu 5.4.0-6ubuntu1~16.04.11) 
configure:3529: $? = 0
configure:3518: gcc -V >&5
gcc: error: unrecognized command line option '-V'
gcc: fatal error: no input files
compilation terminated.
configure:3529: $? = 1
configure:3518: gcc -qversion >&5
gcc: error: unrecognized command line option '-qversion'
gcc: fatal error: no input files
compilation terminated.
configure:3529: $? = 1
configure:3549: checking whether the C compiler works
configure:3571: gcc    conftest.c  >&5
configure:3575: $? = 0
configure:3623: result: yes
configure:3626: checking for C compiler default output file name
configure:3628: result: a.out
configure:3634: checking for suffix of executables
configure:3641: gcc -o conftest    conftest.c  >&5
configure:3645: $? = 0
configure:3667: result: 
configure:3689: checking whether we are cross compiling
configure:3697: gcc -o conftest    conftest.c  >&5
configure:3701: $? = 0
configure:3708: ./conftest
configure:3712: $? = 0
configure:3727: result: no
configure:3732: checking for suffix of object files
configure:3754: gcc -c   conftest.c >&5
configure:3758: $? = 0
configure:3779: result: o
configure:3783: checking whether we are using the GNU C compiler
configure:3802: gcc -c   conftest.c >&5
configure:3802: $? = 0
configure:3811: result: yes
configure:3820: checking whether gcc accepts -g
configure:3840: gcc -c -g  conftest.c >&5
configure:3840: $? = 0
configure:3881: result: yes
configure:3898: checking for gcc option to accept ISO C89
configure:3961: gcc  -c -g -O2  conftest.c >&5
configure:3961: $? = 0
configure:3974: result: none needed
configure:3999: checking whether gcc understands -c and -o together
configure:4021: gcc -c conftest.c -o conftest2.o
configure:4024: $? = 0
configure:4021: gcc -c conftest.c -o conftest2.o
configure:4024: $? = 0
configure:4036: result: yes
configure:4055: checking dependency style of gcc
configure:4166: result: gcc3
configure:4187: checking how to run the C preprocessor
configure:4218: gcc -E  conftest.c
configure:4218: $? = 0
configure:4232: gcc -E  conftest.c
conftest.c:12:28: fatal error: ac_nonexistent.h: No such file or directory
compilation terminated.
configure:4232: $? = 1
configure: failed program was:
| /* confdefs.h */
| #define PACKAGE_NAME "libconfig"
| #define PACKAGE_TARNAME "libconfig"
| #define PACKAGE_VERSION "1.7.2"
| #define PACKAGE_STRING "libconfig 1.7.2"
| #define PACKAGE_BUGREPORT "hyperrealm@gmail.com"
| #define PACKAGE_URL "https://hyperrealm.github.io/libconfig/"
| #define PACKAGE "libconfig"
| #define VERSION "1.7.2"
| #define TARGET "x86_64-unknown-linux-gnu"
| /* end confdefs.h.  */
| #include <ac_nonexistent.h>
configure:4257: result: gcc -E
configure:4277: gcc -E  conftest.c
configure:4277: $? = 0
configure:4291: gcc -E  conftest.c
conftest.c:12:28: fatal error: ac_nonexistent.h: No such file or directory
compilation terminated.
configure:4291: $? = 1
configure: failed program was:
| /* confdefs.h */
| #define PACKAGE_NAME "libconfig"
| #define PACKAGE_TARNAME "libconfig"
| #define PACKAGE_VERSION "1.7.2"
| #define PACKAGE_STRING "libconfig 1.7.2"
| #define PACKAGE_BUGREPORT "hyperrealm@gmail.com"
| #define PACKAGE_URL "https://hyperrealm.github.io/libconfig/"
| #define PACKAGE "libconfig"
| #define VERSION "1.7.2"
| #define TARGET "x86_64-unknown-linux-gnu"
| /* end confdefs.h.  */
| #include <ac_nonexistent.h>
configure:4320: checking for grep that handles long lines and -e
configure:4378: result: /bin/grep
configure:4383: checking for egrep
configure:4445: result: /bin/grep -E
configure:4450: checking for ANSI C header files
configure:4470: gcc -c -g -O2  conftest.c >&5
configure:4470: $? = 0
configure:4543: gcc -o conftest -g -O2   conftest.c  >&5
configure:4543: $? = 0
configure:4543: ./conftest
configure:4543: $? = 0
configure:4554: result: yes
configure:4567: checking for sys/types.h
configure:4567: gcc -c -g -O2  conftest.c >&5
configure:4567: $? = 0
configure:4567: result: yes
configure:4567: checking for sys/stat.h
configure:4567: gcc -c -g -O2  conftest.c >&5
configure:4567: $? = 0
configure:4567: result: yes
configure:4567: checking for stdlib.h
configure:4567: gcc -c -g -O2  conftest.c >&5
configure:4567: $? = 0
configure:4567: result: yes
configure:4567: checking for string.h
configure:4567: gcc -c -g -O2  conftest.c >&5
configure:4567: $? = 0
configure:4567: result: yes
configure:4567: checking for memory.h
configure:4567: gcc -c -g -O2  conftest.c >&5
configure:4567: $? = 0
configure:4567: result: yes
configure:4567: checking for strings.h
configure:4567: gcc -c -g -O2  conftest.c >&5
configure:4567: $? = 0
configure:4567: result: yes
configure:4567: checking for inttypes.h
configure:4567: gcc -c -g -O2  conftest.c >&5
configure:4567: $? = 0
configure:4567: result: yes
configure:4567: checking for stdint.h
configure:4567: gcc -c -g -O2  conftest.c >&5
configure:4567: $? = 0
configure:4567: result: yes
configure:4567: checking for unistd.h
configure:4567: gcc -c -g -O2  conftest.c >&5
configure:4567: $? = 0
configure:4567: result: yes
configure:4580: checking minix/config.h usability
configure:4580: gcc -c -g -O2  conftest.c >&5
conftest.c:55:26: fatal error: minix/config.h: No such file or directory
compilation terminated.
configure:4580: $? = 1
configure: failed program was:
| /* confdefs.h */
| #define PACKAGE_NAME "libconfig"
| #define PACKAGE_TARNAME "libconfig"
| #define PACKAGE_VERSION "1.7.2"
| #define PACKAGE_STRING "libconfig 1.7.2"
| #define PACKAGE_BUGREPORT "hyperrealm@gmail.com"
| #define PACKAGE_URL "https://hyperrealm.github.io/libconfig/"
| #define PACKAGE "libconfig"
| #define VERSION "1.7.2"
| #define TARGET "x86_64-unknown-linux-gnu"
| #define STDC_HEADERS 1
| #define HAVE_SYS_TYPES_H 1
| #define HAVE_SYS_STAT_H 1
| #define HAVE_STDLIB_H 1
| #define HAVE_STRING_H 1
| #define HAVE_MEMORY_H 1
| #define HAVE_STRINGS_H 1
| #define HAVE_INTTYPES_H 1
| #define HAVE_STDINT_H 1
| #define HAVE_UNISTD_H 1
| /* end confdefs.h.  */
| #include <stdio.h>
| #ifdef HAVE_SYS_TYPES_H
| # include <sys/types.h>
| #endif
| #ifdef HAVE_SYS_STAT_H
| # include <sys/stat.h>
| #endif
| #ifdef STDC_HEADERS
| # include <stdlib.h>
| # include <stddef.h>
| #else
| # ifdef HAVE_STDLIB_H
| #  include <stdlib.h>
| # endif
| #endif
| #ifdef HAVE_STRING_H
| # if !defined STDC_HEADERS && defined HAVE_MEMORY_H
| #  include <memory.h>
| # endif
| # include <string.h>
| #endif
| #ifdef HAVE_STRINGS_H
| # include <strings.h>
| #endif
| #ifdef HAVE_INTTYPES_H
| # include <inttypes.h>
| #endif
| #ifdef HAVE_STDINT_H
| # include <stdint.h>
| #endif
| #ifdef HAVE_UNISTD_H
| # include <unistd.h>
| #endif
| #include <minix/config.h>
configure:4580: result: no
configure:4580: checking minix/config.h presence
configure:4580: gcc -E  conftest.c
conftest.c:22:26: fatal error: minix/config.h: No such file or directory
compilation terminated.
configure:4580: $? = 1
configure: failed program was:
| /* confdefs.h */
| #define PACKAGE_NAME "libconfig"
| #define PACKAGE_TARNAME "libconfig"
| #define PACKAGE_VERSION "1.7.2"
| #define PACKAGE_STRING "libconfig 1.7.2"
| #define PACKAGE_BUGREPORT "hyperrealm@gmail.com"
| #define PACKAGE_URL "https://hyperrealm.github.io/libconfig/"
| #define PACKAGE "libconfig"
| #define VERSION "1.7.2"
| #define TARGET "x86_64-unknown-linux-gnu"
| #define STDC_HEADERS 1
| #define HAVE_SYS_TYPES_H 1
| #define HAVE_SYS_STAT_H 1
| #define HAVE_STDLIB_H 1
| #define HAVE_STRING_H 1
| #define HAVE_MEMORY_H 1
| #define HAVE_STRINGS_H 1
| #define HAVE_INTTYPES_H 1
| #define HAVE_STDINT_H 1
| #define HAVE_UNISTD_H 1
| /* end confdefs.h.  */
| #include <minix/config.h>
configure:4580: result: no
configure:4580: checking for minix/config.h
configure:4580: result: no
configure:4601: checking whether it is safe to define __EXTENSIONS__
configure:4619: gcc -c -g -O2  conftest.c >&5
configure:4619: $? = 0
configure:4626: result: yes
configure:4688: checking how to print strings
configure:4715: result: printf
configure:4736: checking for a sed that does not truncate output
configure:4800: result: /bin/sed
configure:4818: checking for fgrep
configure:4880: result: /bin/grep -F
configure:4915: checking for ld used by gcc
configure:4982: result: /usr/bin/ld
configure:4989: checking if the linker (/usr/bin/ld) is GNU ld
configure:5004: result: yes
configure:5016: checking for BSD- or MS-compatible name lister (nm)
configure:5065: result: /usr/bin/nm -B
configure:5195: checking the name lister (/usr/bin/nm -B) interface
configure:5202: gcc -c -g -O2  conftest.c >&5
configure:5205: /usr/bin/nm -B "conftest.o"
configure:5208: output
0000000000000000 B some_variable
configure:5215: result: BSD nm
configure:5218: checking whether ln -s works
configure:5222: result: yes
configure:5230: checking the maximum length of command line arguments
configure:5360: result: 1572864
configure:5377: checking whether the shell understands some XSI constructs
configure:5387: result: yes
configure:5391: checking whether the shell understands "+="
configure:5397: result: yes
configure:5432: checking how to convert x86_64-unknown-linux-gnu file names to x86_64-unknown-linux-gnu format
configure:5472: result: func_convert_file_noop
configure:5479: checking how to convert x86_64-unknown-linux-gnu file names to toolchain format
configure:5499: result: func_convert_file_noop
configure:5506: checking for /usr/bin/ld option to reload object files
configure:5513: result: -r
configure:5587: checking for objdump
configure:5603: found /usr/bin/objdump
configure:5614: result: objdump
configure:5646: checking how to recognize dependent libraries
configure:5848: result: pass_all
configure:5933: checking for dlltool
configure:5963: result: no
configure:5993: checking how to associate runtime and link libraries
configure:6020: result: printf %s\n
configure:6080: checking for ar
configure:6096: found /usr/bin/ar
configure:6107: result: ar
configure:6144: checking for archiver @FILE support
configure:6161: gcc -c -g -O2  conftest.c >&5
configure:6161: $? = 0
configure:6164: ar cru libconftest.a @conftest.lst >&5
ar: `u' modifier ignored since `D' is the default (see `U')
configure:6167: $? = 0
configure:6172: ar cru libconftest.a @conftest.lst >&5
ar: `u' modifier ignored since `D' is the default (see `U')
ar: conftest.o: No such file or directory
configure:6175: $? = 1
configure:6187: result: @
configure:6245: checking for strip
configure:6261: found /usr/bin/strip
configure:6272: result: strip
configure:6344: checking for ranlib
configure:6360: found /usr/bin/ranlib
configure:6371: result: ranlib
configure:6473: checking command to parse /usr/bin/nm -B output from gcc object
configure:6593: gcc -c -g -O2  conftest.c >&5
configure:6596: $? = 0
configure:6600: /usr/bin/nm -B conftest.o \| sed -n -e 's/^.*[ ]\([ABCDGIRSTW][ABCDGIRSTW]*\)[ ][ ]*\([_A-Za-z][_A-Za-z0-9]*\)$/\1 \2 \2/p' | sed '/ __gnu_lto/d' \> conftest.nm
configure:6603: $? = 0
configure:6669: gcc -o conftest -g -O2   conftest.c conftstm.o >&5
configure:6672: $? = 0
configure:6710: result: ok
configure:6747: checking for sysroot
configure:6777: result: no
configure:6854: gcc -c -g -O2  conftest.c >&5
configure:6857: $? = 0
configure:7033: checking for mt
configure:7049: found /bin/mt
configure:7060: result: mt
configure:7083: checking if mt is a manifest tool
configure:7089: mt '-?'
configure:7097: result: no
configure:7736: checking for dlfcn.h
configure:7736: gcc -c -g -O2  conftest.c >&5
configure:7736: $? = 0
configure:7736: result: yes
configure:7942: checking for objdir
configure:7957: result: .libs
configure:8228: checking if gcc supports -fno-rtti -fno-exceptions
configure:8246: gcc -c -g -O2  -fno-rtti -fno-exceptions conftest.c >&5
cc1: warning: command line option '-fno-rtti' is valid for C++/ObjC++ but not for C
configure:8250: $? = 0
configure:8263: result: no
configure:8590: checking for gcc option to produce PIC
configure:8597: result: -fPIC -DPIC
configure:8605: checking if gcc PIC flag -fPIC -DPIC works
configure:8623: gcc -c -g -O2  -fPIC -DPIC -DPIC conftest.c >&5
configure:8627: $? = 0
configure:8640: result: yes
configure:8669: checking if gcc static flag -static works
configure:8697: result: yes
configure:8712: checking if gcc supports -c -o file.o
configure:8733: gcc -c -g -O2  -o out/conftest2.o conftest.c >&5
configure:8737: $? = 0
configure:8759: result: yes
configure:8767: checking if gcc supports -c -o file.o
configure:8814: result: yes
configure:8847: checking whether the gcc linker (/usr/bin/ld -m elf_x86_64) supports shared libraries
configure:10000: result: yes
configure:10037: checking whether -lc should be explicitly linked in
configure:10045: gcc -c -g -O2  conftest.c >&5
configure:10048: $? = 0
configure:10063: gcc -shared  -fPIC -DPIC conftest.o  -v -Wl,-soname -Wl,conftest -o conftest 2\>\&1 \| /bin/grep  -lc  \>/dev/null 2\>\&1
configure:10066: $? = 0
configure:10080: result: no
configure:10240: checking dynamic linker characteristics
configure:10751: gcc -o conftest -g -O2   -Wl,-rpath -Wl,/foo conftest.c  >&5
configure:10751: $? = 0
configure:10973: result: GNU/Linux ld.so
configure:11080: checking how to hardcode library paths into programs
configure:11105: result: immediate
configure:11645: checking whether stripping libraries is possible
configure:11650: result: yes
configure:11685: checking if libtool supports shared libraries
configure:11687: result: yes
configure:11690: checking whether to build shared libraries
configure:11711: result: yes
configure:11714: checking whether to build static libraries
configure:11718: result: yes
configure:11804: checking for gcc
configure:11831: result: gcc
configure:12060: checking for C compiler version
configure:12069: gcc --version >&5
gcc (Ubuntu 5.4.0-6ubuntu1~16.04.11) 5.4.0 20160609
Copyright (C) 2015 Free Software Foundation, Inc.
This is free software; see the source for copying conditions.  There is NO
warranty; not even for MERCHANTABILITY or FITNESS FOR A PARTICULAR PURPOSE.

configure:12080: $? = 0
configure:12069: gcc -v >&5
Using built-in specs.
COLLECT_GCC=gcc
COLLECT_LTO_WRAPPER=/usr/lib/gcc/x86_64-linux-gnu/5/lto-wrapper
Target: x86_64-linux-gnu
Configured with: ../src/configure -v --with-pkgversion='Ubuntu 5.4.0-6ubuntu1~16.04.11' --with-bugurl=file:///usr/share/doc/gcc-5/README.Bugs --enable-languages=c,ada,c++,java,go,d,fortran,objc,obj-c++ --prefix=/usr --program-suffix=-5 --enable-shared --enable-linker-build-id --libexecdir=/usr/lib --without-included-gettext --enable-threads=posix --libdir=/usr/lib --enable-nls --with-sysroot=/ --enable-clocale=gnu --enable-libstdcxx-debug --enable-libstdcxx-time=yes --with-default-libstdcxx-abi=new --enable-gnu-unique-object --disable-vtable-verify --enable-libmpx --enable-plugin --with-system-zlib --disable-browser-plugin --enable-java-awt=gtk --enable-gtk-cairo --with-java-home=/usr/lib/jvm/java-1.5.0-gcj-5-amd64/jre --enable-java-home --with-jvm-root-dir=/usr/lib/jvm/java-1.5.0-gcj-5-amd64 --with-jvm-jar-dir=/usr/lib/jvm-exports/java-1.5.0-gcj-5-amd64 --with-arch-directory=amd64 --with-ecj-jar=/usr/share/java/eclipse-ecj.jar --enable-objc-gc --enable-multiarch --disable-werror --with-arch-32=i686 --with-abi=m64 --with-multilib-list=m32,m64,mx32 --enable-multilib --with-tune=generic --enable-checking=release --build=x86_64-linux-gnu --host=x86_64-linux-gnu --target=x86_64-linux-gnu
Thread model: posix
gcc version 5.4.0 20160609 (Ubuntu 5.4.0-6ubuntu1~16.04.11) 
configure:12080: $? = 0
configure:12069: gcc -V >&5
gcc: error: unrecognized command line option '-V'
gcc: fatal error: no input files
compilation terminated.
configure:12080: $? = 1
configure:12069: gcc -qversion >&5
gcc: error: unrecognized command line option '-qversion'
gcc: fatal error: no input files
compilation terminated.
configure:12080: $? = 1
configure:12084: checking whether we are using the GNU C compiler
configure:12112: result: yes
configure:12121: checking whether gcc accepts -g
configure:12182: result: yes
configure:12199: checking for gcc option to accept ISO C89
configure:12275: result: none needed
configure:12300: checking whether gcc understands -c and -o together
configure:12337: result: yes
configure:12356: checking dependency style of gcc
configure:12467: result: gcc3
configure:12541: checking for g++
configure:12557: found /usr/bin/g++
configure:12568: result: g++
configure:12595: checking for C++ compiler version
configure:12604: g++ --version >&5
g++ (Ubuntu 5.4.0-6ubuntu1~16.04.11) 5.4.0 20160609
Copyright (C) 2015 Free Software Foundation, Inc.
This is free software; see the source for copying conditions.  There is NO
warranty; not even for MERCHANTABILITY or FITNESS FOR A PARTICULAR PURPOSE.

configure:12615: $? = 0
configure:12604: g++ -v >&5
Using built-in specs.
COLLECT_GCC=g++
COLLECT_LTO_WRAPPER=/usr/lib/gcc/x86_64-linux-gnu/5/lto-wrapper
Target: x86_64-linux-gnu
Configured with: ../src/configure -v --with-pkgversion='Ubuntu 5.4.0-6ubuntu1~16.04.11' --with-bugurl=file:///usr/share/doc/gcc-5/README.Bugs --enable-languages=c,ada,c++,java,go,d,fortran,objc,obj-c++ --prefix=/usr --program-suffix=-5 --enable-shared --enable-linker-build-id --libexecdir=/usr/lib --without-included-gettext --enable-threads=posix --libdir=/usr/lib --enable-nls --with-sysroot=/ --enable-clocale=gnu --enable-libstdcxx-debug --enable-libstdcxx-time=yes --with-default-libstdcxx-abi=new --enable-gnu-unique-object --disable-vtable-verify --enable-libmpx --enable-plugin --with-system-zlib --disable-browser-plugin --enable-java-awt=gtk --enable-gtk-cairo --with-java-home=/usr/lib/jvm/java-1.5.0-gcj-5-amd64/jre --enable-java-home --with-jvm-root-dir=/usr/lib/jvm/java-1.5.0-gcj-5-amd64 --with-jvm-jar-dir=/usr/lib/jvm-exports/java-1.5.0-gcj-5-amd64 --with-arch-directory=amd64 --with-ecj-jar=/usr/share/java/eclipse-ecj.jar --enable-objc-gc --enable-multiarch --disable-werror --with-arch-32=i686 --with-abi=m64 --with-multilib-list=m32,m64,mx32 --enable-multilib --with-tune=generic --enable-checking=release --build=x86_64-linux-gnu --host=x86_64-linux-gnu --target=x86_64-linux-gnu
Thread model: posix
gcc version 5.4.0 20160609 (Ubuntu 5.4.0-6ubuntu1~16.04.11) 
configure:12615: $? = 0
configure:12604: g++ -V >&5
g++: error: unrecognized command line option '-V'
g++: fatal error: no input files
compilation terminated.
configure:12615: $? = 1
configure:12604: g++ -qversion >&5
g++: error: unrecognized command line option '-qversion'
g++: fatal error: no input files
compilation terminated.
configure:12615: $? = 1
configure:12619: checking whether we are using the GNU C++ compiler
configure:12638: g++ -c   conftest.cpp >&5
configure:12638: $? = 0
configure:12647: result: yes
configure:12656: checking whether g++ accepts -g
configure:12676: g++ -c -g  conftest.cpp >&5
configure:12676: $? = 0
configure:12717: result: yes
configure:12742: checking dependency style of g++
configure:12853: result: gcc3
configure:12886: checking how to run the C++ preprocessor
configure:12913: g++ -E  conftest.cpp
configure:12913: $? = 0
configure:12927: g++ -E  conftest.cpp
conftest.cpp:29:28: fatal error: ac_nonexistent.h: No such file or directory
compilation terminated.
configure:12927: $? = 1
configure: failed program was:
| /* confdefs.h */
| #define PACKAGE_NAME "libconfig"
| #define PACKAGE_TARNAME "libconfig"
| #define PACKAGE_VERSION "1.7.2"
| #define PACKAGE_STRING "libconfig 1.7.2"
| #define PACKAGE_BUGREPORT "hyperrealm@gmail.com"
| #define PACKAGE_URL "https://hyperrealm.github.io/libconfig/"
| #define PACKAGE "libconfig"
| #define VERSION "1.7.2"
| #define TARGET "x86_64-unknown-linux-gnu"
| #define STDC_HEADERS 1
| #define HAVE_SYS_TYPES_H 1
| #define HAVE_SYS_STAT_H 1
| #define HAVE_STDLIB_H 1
| #define HAVE_STRING_H 1
| #define HAVE_MEMORY_H 1
| #define HAVE_STRINGS_H 1
| #define HAVE_INTTYPES_H 1
| #define HAVE_STDINT_H 1
| #define HAVE_UNISTD_H 1
| #define __EXTENSIONS__ 1
| #define _ALL_SOURCE 1
| #define _GNU_SOURCE 1
| #define _POSIX_PTHREAD_SEMANTICS 1
| #define _TANDEM_SOURCE 1
| #define HAVE_DLFCN_H 1
| #define LT_OBJDIR ".libs/"
| /* end confdefs.h.  */
| #include <ac_nonexistent.h>
configure:12952: result: g++ -E
configure:12972: g++ -E  conftest.cpp
configure:12972: $? = 0
configure:12986: g++ -E  conftest.cpp
conftest.cpp:29:28: fatal error: ac_nonexistent.h: No such file or directory
compilation terminated.
configure:12986: $? = 1
configure: failed program was:
| /* confdefs.h */
| #define PACKAGE_NAME "libconfig"
| #define PACKAGE_TARNAME "libconfig"
| #define PACKAGE_VERSION "1.7.2"
| #define PACKAGE_STRING "libconfig 1.7.2"
| #define PACKAGE_BUGREPORT "hyperrealm@gmail.com"
| #define PACKAGE_URL "https://hyperrealm.github.io/libconfig/"
| #define PACKAGE "libconfig"
| #define VERSION "1.7.2"
| #define TARGET "x86_64-unknown-linux-gnu"
| #define STDC_HEADERS 1
| #define HAVE_SYS_TYPES_H 1
| #define HAVE_SYS_STAT_H 1
| #define HAVE_STDLIB_H 1
| #define HAVE_STRING_H 1
| #define HAVE_MEMORY_H 1
| #define HAVE_STRINGS_H 1
| #define HAVE_INTTYPES_H 1
| #define HAVE_STDINT_H 1
| #define HAVE_UNISTD_H 1
| #define __EXTENSIONS__ 1
| #define _ALL_SOURCE 1
| #define _GNU_SOURCE 1
| #define _POSIX_PTHREAD_SEMANTICS 1
| #define _TANDEM_SOURCE 1
| #define HAVE_DLFCN_H 1
| #define LT_OBJDIR ".libs/"
| /* end confdefs.h.  */
| #include <ac_nonexistent.h>
configure:13155: checking for ld used by g++
configure:13222: result: /usr/bin/ld -m elf_x86_64
configure:13229: checking if the linker (/usr/bin/ld -m elf_x86_64) is GNU ld
configure:13244: result: yes
configure:13299: checking whether the g++ linker (/usr/bin/ld -m elf_x86_64) supports shared libraries
configure:14304: result: yes
configure:14340: g++ -c -g -O2  conftest.cpp >&5
configure:14343: $? = 0
configure:14863: checking for g++ option to produce PIC
configure:14870: result: -fPIC -DPIC
configure:14878: checking if g++ PIC flag -fPIC -DPIC works
configure:14896: g++ -c -g -O2  -fPIC -DPIC -DPIC conftest.cpp >&5
configure:14900: $? = 0
configure:14913: result: yes
configure:14936: checking if g++ static flag -static works
configure:14964: result: yes
configure:14976: checking if g++ supports -c -o file.o
configure:14997: g++ -c -g -O2  -o out/conftest2.o conftest.cpp >&5
configure:15001: $? = 0
configure:15023: result: yes
configure:15028: checking if g++ supports -c -o file.o
configure:15075: result: yes
configure:15105: checking whether the g++ linker (/usr/bin/ld -m elf_x86_64) supports shared libraries
configure:15141: result: yes
configure:15282: checking dynamic linker characteristics
configure:15949: result: GNU/Linux ld.so
configure:16002: checking how to hardcode library paths into programs
configure:16027: result: immediate
configure:16370: checking for flex
configure:16400: result: no
configure:16370: checking for lex
configure:16400: result: no
configure:16542: checking for bison
configure:16572: result: no
configure:16542: checking for byacc
configure:16572: result: no
configure:16591: checking for compiler switch to enable full C/C++ warnings
configure:16609: result: -Wall -Wshadow -Wextra -Wdeclaration-after-statement -Wno-unused-parameter, -Wall -Wshadow -Wextra -Wno-unused-parameter
configure:16617: checking for ANSI C header files
configure:16721: result: yes
configure:16732: checking for unistd.h
configure:16732: result: yes
configure:16732: checking for stdint.h
configure:16732: result: yes
configure:16732: checking xlocale.h usability
configure:16732: gcc -c -g -O2 -Wall -Wshadow -Wextra -Wdeclaration-after-statement -Wno-unused-parameter  conftest.c >&5
configure:16732: $? = 0
configure:16732: result: yes
configure:16732: checking xlocale.h presence
configure:16732: gcc -E  conftest.c
configure:16732: $? = 0
configure:16732: result: yes
configure:16732: checking for xlocale.h
configure:16732: result: yes
configure:16743: checking for an ANSI C-conforming const
configure:16809: gcc -c -g -O2 -Wall -Wshadow -Wextra -Wdeclaration-after-statement -Wno-unused-parameter  conftest.c >&5
configure:16809: $? = 0
configure:16816: result: yes
configure:16829: checking for newlocale
configure:16829: gcc -o conftest -g -O2 -Wall -Wshadow -Wextra -Wdeclaration-after-statement -Wno-unused-parameter   conftest.c  >&5
configure:16829: $? = 0
configure:16829: result: yes
configure:16829: checking for uselocale
configure:16829: gcc -o conftest -g -O2 -Wall -Wshadow -Wextra -Wdeclaration-after-statement -Wno-unused-parameter   conftest.c  >&5
configure:16829: $? = 0
configure:16829: result: yes
configure:16829: checking for freelocale
configure:16829: gcc -o conftest -g -O2 -Wall -Wshadow -Wextra -Wdeclaration-after-statement -Wno-unused-parameter   conftest.c  >&5
configure:16829: $? = 0
configure:16829: result: yes
configure:17011: checking that generated files are newer than configure
configure:17017: result: done
configure:17060: creating ./config.status

## ---------------------- ##
## Running config.status. ##
## ---------------------- ##

This file was extended by libconfig config.status 1.7.2, which was
generated by GNU Autoconf 2.69.  Invocation command line was

  CONFIG_FILES    = 
  CONFIG_HEADERS  = 
  CONFIG_LINKS    = 
  CONFIG_COMMANDS = 
  $ ./config.status 

on michail-HP-EliteDesk-800-G1-TWR

config.status:1193: creating Makefile
config.status:1193: creating lib/Makefile
config.status:1193: creating lib/libconfig.pc
config.status:1193: creating lib/libconfig++.pc
config.status:1193: creating lib/libconfigConfig.cmake
config.status:1193: creating lib/libconfig++Config.cmake
config.status:1193: creating doc/Makefile
config.status:1193: creating examples/Makefile
config.status:1193: creating examples/c/Makefile
config.status:1193: creating examples/c++/Makefile
config.status:1193: creating tinytest/Makefile
config.status:1193: creating tests/Makefile
config.status:1193: creating libconfig.spec
config.status:1193: creating ac_config.h
config.status:1374: ac_config.h is unchanged
config.status:1422: executing depfiles commands
config.status:1422: executing libtool commands

## ---------------- ##
## Cache variables. ##
## ---------------- ##

ac_cv_build=x86_64-unknown-linux-gnu
ac_cv_c_compiler_gnu=yes
ac_cv_c_const=yes
ac_cv_cxx_compiler_gnu=yes
ac_cv_env_CCC_set=
ac_cv_env_CCC_value=
ac_cv_env_CC_set=
ac_cv_env_CC_value=
ac_cv_env_CFLAGS_set=
ac_cv_env_CFLAGS_value=
ac_cv_env_CPPFLAGS_set=
ac_cv_env_CPPFLAGS_value=
ac_cv_env_CPP_set=
ac_cv_env_CPP_value=
ac_cv_env_CXXCPP_set=
ac_cv_env_CXXCPP_value=
ac_cv_env_CXXFLAGS_set=
ac_cv_env_CXXFLAGS_value=
ac_cv_env_CXX_set=
ac_cv_env_CXX_value=
ac_cv_env_LDFLAGS_set=
ac_cv_env_LDFLAGS_value=
ac_cv_env_LIBS_set=
ac_cv_env_LIBS_value=
ac_cv_env_YACC_set=
ac_cv_env_YACC_value=
ac_cv_env_YFLAGS_set=
ac_cv_env_YFLAGS_value=
ac_cv_env_build_alias_set=
ac_cv_env_build_alias_value=
ac_cv_env_host_alias_set=
ac_cv_env_host_alias_value=
ac_cv_env_target_alias_set=
ac_cv_env_target_alias_value=
ac_cv_func_freelocale=yes
ac_cv_func_newlocale=yes
ac_cv_func_uselocale=yes
ac_cv_header_dlfcn_h=yes
ac_cv_header_inttypes_h=yes
ac_cv_header_memory_h=yes
ac_cv_header_minix_config_h=no
ac_cv_header_stdc=yes
ac_cv_header_stdint_h=yes
ac_cv_header_stdlib_h=yes
ac_cv_header_string_h=yes
ac_cv_header_strings_h=yes
ac_cv_header_sys_stat_h=yes
ac_cv_header_sys_types_h=yes
ac_cv_header_unistd_h=yes
ac_cv_header_xlocale_h=yes
ac_cv_host=x86_64-unknown-linux-gnu
ac_cv_objext=o
ac_cv_path_EGREP='/bin/grep -E'
ac_cv_path_FGREP='/bin/grep -F'
ac_cv_path_GREP=/bin/grep
ac_cv_path_SED=/bin/sed
ac_cv_path_install='/usr/bin/install -c'
ac_cv_path_mkdir=/bin/mkdir
ac_cv_prog_AWK=gawk
ac_cv_prog_CPP='gcc -E'
ac_cv_prog_CXXCPP='g++ -E'
ac_cv_prog_ac_ct_AR=ar
ac_cv_prog_ac_ct_CC=gcc
ac_cv_prog_ac_ct_CXX=g++
ac_cv_prog_ac_ct_MANIFEST_TOOL=mt
ac_cv_prog_ac_ct_OBJDUMP=objdump
ac_cv_prog_ac_ct_RANLIB=ranlib
ac_cv_prog_ac_ct_STRIP=strip
ac_cv_prog_cc_c89=
ac_cv_prog_cc_g=yes
ac_cv_prog_cxx_g=yes
ac_cv_prog_make_make_set=yes
ac_cv_safe_to_define___extensions__=yes
ac_cv_target=x86_64-unknown-linux-gnu
am_cv_CC_dependencies_compiler_type=gcc3
am_cv_CXX_dependencies_compiler_type=gcc3
am_cv_make_support_nested_variables=yes
am_cv_prog_cc_c_o=yes
lt_cv_ar_at_file=@
lt_cv_archive_cmds_need_lc=no
lt_cv_deplibs_check_method=pass_all
lt_cv_file_magic_cmd='$MAGIC_CMD'
lt_cv_file_magic_test_file=
lt_cv_ld_reload_flag=-r
lt_cv_nm_interface='BSD nm'
lt_cv_objdir=.libs
lt_cv_path_LD=/usr/bin/ld
lt_cv_path_LDCXX='/usr/bin/ld -m elf_x86_64'
lt_cv_path_NM='/usr/bin/nm -B'
lt_cv_path_mainfest_tool=no
lt_cv_prog_compiler_c_o=yes
lt_cv_prog_compiler_c_o_CXX=yes
lt_cv_prog_compiler_pic='-fPIC -DPIC'
lt_cv_prog_compiler_pic_CXX='-fPIC -DPIC'
lt_cv_prog_compiler_pic_works=yes
lt_cv_prog_compiler_pic_works_CXX=yes
lt_cv_prog_compiler_rtti_exceptions=no
lt_cv_prog_compiler_static_works=yes
lt_cv_prog_compiler_static_works_CXX=yes
lt_cv_prog_gnu_ld=yes
lt_cv_prog_gnu_ldcxx=yes
lt_cv_sharedlib_from_linklib_cmd='printf %s\n'
lt_cv_shlibpath_overrides_runpath=no
lt_cv_sys_global_symbol_pipe='sed -n -e '\''s/^.*[	 ]\([ABCDGIRSTW][ABCDGIRSTW]*\)[	 ][	 ]*\([_A-Za-z][_A-Za-z0-9]*\)$/\1 \2 \2/p'\'' | sed '\''/ __gnu_lto/d'\'''
lt_cv_sys_global_symbol_to_c_name_address='sed -n -e '\''s/^: \([^ ]*\)[ ]*$/  {\"\1\", (void *) 0},/p'\'' -e '\''s/^[ABCDGIRSTW]* \([^ ]*\) \([^ ]*\)$/  {"\2", (void *) \&\2},/p'\'''
lt_cv_sys_global_symbol_to_c_name_address_lib_prefix='sed -n -e '\''s/^: \([^ ]*\)[ ]*$/  {\"\1\", (void *) 0},/p'\'' -e '\''s/^[ABCDGIRSTW]* \([^ ]*\) \(lib[^ ]*\)$/  {"\2", (void *) \&\2},/p'\'' -e '\''s/^[ABCDGIRSTW]* \([^ ]*\) \([^ ]*\)$/  {"lib\2", (void *) \&\2},/p'\'''
lt_cv_sys_global_symbol_to_cdecl='sed -n -e '\''s/^T .* \(.*\)$/extern int \1();/p'\'' -e '\''s/^[ABCDGIRSTW]* .* \(.*\)$/extern char \1;/p'\'''
lt_cv_sys_max_cmd_len=1572864
lt_cv_to_host_file_cmd=func_convert_file_noop
lt_cv_to_tool_file_cmd=func_convert_file_noop

## ----------------- ##
## Output variables. ##
## ----------------- ##

ACLOCAL='${SHELL} /home/michail/Desktop/PHD_BASIC_WORK_FILES/PHD/case_study/scedule_work/feasibility_of_project/SEGMENTATION_PIPELINE/CODE_generalization/libconfig-1.7.2/aux-build/missing aclocal-1.15'
AMDEPBACKSLASH='\'
AMDEP_FALSE='#'
AMDEP_TRUE=''
AMTAR='$${TAR-tar}'
AM_BACKSLASH='\'
AM_DEFAULT_V='$(AM_DEFAULT_VERBOSITY)'
AM_DEFAULT_VERBOSITY='0'
AM_V='$(V)'
AR='ar'
AS='as'
AUTOCONF='${SHELL} /home/michail/Desktop/PHD_BASIC_WORK_FILES/PHD/case_study/scedule_work/feasibility_of_project/SEGMENTATION_PIPELINE/CODE_generalization/libconfig-1.7.2/aux-build/missing autoconf'
AUTOHEADER='${SHELL} /home/michail/Desktop/PHD_BASIC_WORK_FILES/PHD/case_study/scedule_work/feasibility_of_project/SEGMENTATION_PIPELINE/CODE_generalization/libconfig-1.7.2/aux-build/missing autoheader'
AUTOMAKE='${SHELL} /home/michail/Desktop/PHD_BASIC_WORK_FILES/PHD/case_study/scedule_work/feasibility_of_project/SEGMENTATION_PIPELINE/CODE_generalization/libconfig-1.7.2/aux-build/missing automake-1.15'
AWK='gawk'
BUILDCXX_FALSE='#'
BUILDCXX_TRUE=''
BUILDEXAMPLES_FALSE='#'
BUILDEXAMPLES_TRUE=''
CC='gcc'
CCDEPMODE='depmode=gcc3'
CFLAGS='-g -O2 -Wall -Wshadow -Wextra -Wdeclaration-after-statement -Wno-unused-parameter'
CPP='gcc -E'
CPPFLAGS=''
CXX='g++'
CXXCPP='g++ -E'
CXXDEPMODE='depmode=gcc3'
CXXFLAGS='-g -O2 -Wall -Wshadow -Wextra -Wno-unused-parameter'
CYGPATH_W='echo'
DEFS='-DHAVE_CONFIG_H'
DEPDIR='.deps'
DLLTOOL='false'
DSYMUTIL=''
DUMPBIN=''
ECHO_C=''
ECHO_N='-n'
ECHO_T=''
EGREP='/bin/grep -E'
EXEEXT=''
FGREP='/bin/grep -F'
GNU_WIN_FALSE=''
GNU_WIN_TRUE='#'
GREP='/bin/grep'
INSTALL_DATA='${INSTALL} -m 644'
INSTALL_PROGRAM='${INSTALL}'
INSTALL_SCRIPT='${INSTALL}'
INSTALL_STRIP_PROGRAM='$(install_sh) -c -s'
LD='/usr/bin/ld -m elf_x86_64'
LDFLAGS=''
LEX='${SHELL} /home/michail/Desktop/PHD_BASIC_WORK_FILES/PHD/case_study/scedule_work/feasibility_of_project/SEGMENTATION_PIPELINE/CODE_generalization/libconfig-1.7.2/aux-build/missing flex'
LEXLIB=''
LEX_OUTPUT_ROOT=''
LIBOBJS=''
LIBS=''
LIBTOOL='$(SHELL) $(top_builddir)/libtool'
LIPO=''
LN_S='ln -s'
LTLIBOBJS=''
MAKEINFO='${SHELL} /home/michail/Desktop/PHD_BASIC_WORK_FILES/PHD/case_study/scedule_work/feasibility_of_project/SEGMENTATION_PIPELINE/CODE_generalization/libconfig-1.7.2/aux-build/missing makeinfo'
MANIFEST_TOOL=':'
MKDIR_P='/bin/mkdir -p'
NM='/usr/bin/nm -B'
NMEDIT=''
OBJDUMP='objdump'
OBJEXT='o'
OTOOL64=''
OTOOL=''
PACKAGE='libconfig'
PACKAGE_BUGREPORT='hyperrealm@gmail.com'
PACKAGE_NAME='libconfig'
PACKAGE_STRING='libconfig 1.7.2'
PACKAGE_TARNAME='libconfig'
PACKAGE_URL='https://hyperrealm.github.io/libconfig/'
PACKAGE_VERSION='1.7.2'
PATH_SEPARATOR=':'
RANLIB='ranlib'
SED='/bin/sed'
SET_MAKE=''
SHELL='/bin/bash'
STRIP='strip'
VERSION='1.7.2'
YACC='yacc'
YFLAGS=''
ac_ct_AR='ar'
ac_ct_CC='gcc'
ac_ct_CXX='g++'
ac_ct_DUMPBIN=''
am__EXEEXT_FALSE=''
am__EXEEXT_TRUE='#'
am__fastdepCC_FALSE='#'
am__fastdepCC_TRUE=''
am__fastdepCXX_FALSE='#'
am__fastdepCXX_TRUE=''
am__include='include'
am__isrc=''
am__leading_dot='.'
am__nodep='_no'
am__quote=''
am__tar='$${TAR-tar} chof - "$$tardir"'
am__untar='$${TAR-tar} xf -'
bindir='${exec_prefix}/bin'
build='x86_64-unknown-linux-gnu'
build_alias=''
build_cpu='x86_64'
build_os='linux-gnu'
build_vendor='unknown'
datadir='${datarootdir}'
datarootdir='${prefix}/share'
docdir='${datarootdir}/doc/${PACKAGE_TARNAME}'
dvidir='${docdir}'
exec_prefix='${prefix}'
host='x86_64-unknown-linux-gnu'
host_alias=''
host_cpu='x86_64'
host_os='linux-gnu'
host_vendor='unknown'
htmldir='${docdir}'
includedir='${prefix}/include'
infodir='${datarootdir}/info'
install_sh='${SHELL} /home/michail/Desktop/PHD_BASIC_WORK_FILES/PHD/case_study/scedule_work/feasibility_of_project/SEGMENTATION_PIPELINE/CODE_generalization/libconfig-1.7.2/aux-build/install-sh'
libdir='${exec_prefix}/lib'
libexecdir='${exec_prefix}/libexec'
localedir='${datarootdir}/locale'
localstatedir='${prefix}/var'
mandir='${datarootdir}/man'
mkdir_p='$(MKDIR_P)'
oldincludedir='/usr/include'
pdfdir='${docdir}'
prefix='/usr/local'
program_transform_name='s,x,x,'
psdir='${docdir}'
sbindir='${exec_prefix}/sbin'
sharedstatedir='${prefix}/com'
sysconfdir='${prefix}/etc'
target='x86_64-unknown-linux-gnu'
target_alias=''
target_cpu='x86_64'
target_os='linux-gnu'
target_vendor='unknown'

## ----------- ##
## confdefs.h. ##
## ----------- ##

/* confdefs.h */
#define PACKAGE_NAME "libconfig"
#define PACKAGE_TARNAME "libconfig"
#define PACKAGE_VERSION "1.7.2"
#define PACKAGE_STRING "libconfig 1.7.2"
#define PACKAGE_BUGREPORT "hyperrealm@gmail.com"
#define PACKAGE_URL "https://hyperrealm.github.io/libconfig/"
#define PACKAGE "libconfig"
#define VERSION "1.7.2"
#define TARGET "x86_64-unknown-linux-gnu"
#define STDC_HEADERS 1
#define HAVE_SYS_TYPES_H 1
#define HAVE_SYS_STAT_H 1
#define HAVE_STDLIB_H 1
#define HAVE_STRING_H 1
#define HAVE_MEMORY_H 1
#define HAVE_STRINGS_H 1
#define HAVE_INTTYPES_H 1
#define HAVE_STDINT_H 1
#define HAVE_UNISTD_H 1
#define __EXTENSIONS__ 1
#define _ALL_SOURCE 1
#define _GNU_SOURCE 1
#define _POSIX_PTHREAD_SEMANTICS 1
#define _TANDEM_SOURCE 1
#define HAVE_DLFCN_H 1
#define LT_OBJDIR ".libs/"
#define STDC_HEADERS 1
#define HAVE_UNISTD_H 1
#define HAVE_STDINT_H 1
#define HAVE_XLOCALE_H 1
#define HAVE_NEWLOCALE 1
#define HAVE_USELOCALE 1
#define HAVE_FREELOCALE 1

configure: exit 0
