The system is: Linux - 4.15.0-24-generic - x86_64
Compiling the C compiler identification source file "CMakeCCompilerId.c" succeeded.
Compiler: /usr/bin/cc 
Build flags: ;;
Id flags:  

The output was:
0


Compilation of the C compiler identification source "CMakeCCompilerId.c" produced "a.out"

The C compiler identification is GNU, found in "/home/michail/Desktop/PHD_INSIGNEO/PHD/case_study/scedule_work/feasibility_of_project/SEGMENTATION_PIPELINE/CODE/RicianMM/build/KWStyle-build/CMakeFiles/3.11.3/CompilerIdC/a.out"

Compiling the CXX compiler identification source file "CMakeCXXCompilerId.cpp" succeeded.
Compiler: /usr/bin/c++ 
Build flags: ;;-msse2;;-msse2
Id flags:  

The output was:
0


Compilation of the CXX compiler identification source "CMakeCXXCompilerId.cpp" produced "a.out"

The CXX compiler identification is GNU, found in "/home/michail/Desktop/PHD_INSIGNEO/PHD/case_study/scedule_work/feasibility_of_project/SEGMENTATION_PIPELINE/CODE/RicianMM/build/KWStyle-build/CMakeFiles/3.11.3/CompilerIdCXX/a.out"

Determining if the C compiler works passed with the following output:
Change Dir: /home/michail/Desktop/PHD_INSIGNEO/PHD/case_study/scedule_work/feasibility_of_project/SEGMENTATION_PIPELINE/CODE/RicianMM/build/KWStyle-build/CMakeFiles/CMakeTmp

Run Build Command:"/usr/bin/make" "cmTC_9b0d3/fast"
make[3]: Entering directory '/home/michail/Desktop/PHD_INSIGNEO/PHD/case_study/scedule_work/feasibility_of_project/SEGMENTATION_PIPELINE/CODE/RicianMM/build/KWStyle-build/CMakeFiles/CMakeTmp'
/usr/bin/make -f CMakeFiles/cmTC_9b0d3.dir/build.make CMakeFiles/cmTC_9b0d3.dir/build
make[4]: Entering directory '/home/michail/Desktop/PHD_INSIGNEO/PHD/case_study/scedule_work/feasibility_of_project/SEGMENTATION_PIPELINE/CODE/RicianMM/build/KWStyle-build/CMakeFiles/CMakeTmp'
Building C object CMakeFiles/cmTC_9b0d3.dir/testCCompiler.c.o
/usr/bin/cc    -o CMakeFiles/cmTC_9b0d3.dir/testCCompiler.c.o   -c /home/michail/Desktop/PHD_INSIGNEO/PHD/case_study/scedule_work/feasibility_of_project/SEGMENTATION_PIPELINE/CODE/RicianMM/build/KWStyle-build/CMakeFiles/CMakeTmp/testCCompiler.c
Linking C executable cmTC_9b0d3
/usr/local/bin/cmake -E cmake_link_script CMakeFiles/cmTC_9b0d3.dir/link.txt --verbose=1
/usr/bin/cc        -rdynamic CMakeFiles/cmTC_9b0d3.dir/testCCompiler.c.o  -o cmTC_9b0d3 
make[4]: Leaving directory '/home/michail/Desktop/PHD_INSIGNEO/PHD/case_study/scedule_work/feasibility_of_project/SEGMENTATION_PIPELINE/CODE/RicianMM/build/KWStyle-build/CMakeFiles/CMakeTmp'
make[3]: Leaving directory '/home/michail/Desktop/PHD_INSIGNEO/PHD/case_study/scedule_work/feasibility_of_project/SEGMENTATION_PIPELINE/CODE/RicianMM/build/KWStyle-build/CMakeFiles/CMakeTmp'


Detecting C compiler ABI info compiled with the following output:
Change Dir: /home/michail/Desktop/PHD_INSIGNEO/PHD/case_study/scedule_work/feasibility_of_project/SEGMENTATION_PIPELINE/CODE/RicianMM/build/KWStyle-build/CMakeFiles/CMakeTmp

Run Build Command:"/usr/bin/make" "cmTC_11f48/fast"
make[3]: Entering directory '/home/michail/Desktop/PHD_INSIGNEO/PHD/case_study/scedule_work/feasibility_of_project/SEGMENTATION_PIPELINE/CODE/RicianMM/build/KWStyle-build/CMakeFiles/CMakeTmp'
/usr/bin/make -f CMakeFiles/cmTC_11f48.dir/build.make CMakeFiles/cmTC_11f48.dir/build
make[4]: Entering directory '/home/michail/Desktop/PHD_INSIGNEO/PHD/case_study/scedule_work/feasibility_of_project/SEGMENTATION_PIPELINE/CODE/RicianMM/build/KWStyle-build/CMakeFiles/CMakeTmp'
Building C object CMakeFiles/cmTC_11f48.dir/CMakeCCompilerABI.c.o
/usr/bin/cc    -o CMakeFiles/cmTC_11f48.dir/CMakeCCompilerABI.c.o   -c /usr/local/share/cmake-3.11/Modules/CMakeCCompilerABI.c
Linking C executable cmTC_11f48
/usr/local/bin/cmake -E cmake_link_script CMakeFiles/cmTC_11f48.dir/link.txt --verbose=1
/usr/bin/cc       -v -rdynamic CMakeFiles/cmTC_11f48.dir/CMakeCCompilerABI.c.o  -o cmTC_11f48 
Using built-in specs.
COLLECT_GCC=/usr/bin/cc
COLLECT_LTO_WRAPPER=/usr/lib/gcc/x86_64-linux-gnu/5/lto-wrapper
Target: x86_64-linux-gnu
Configured with: ../src/configure -v --with-pkgversion='Ubuntu 5.4.0-6ubuntu1~16.04.10' --with-bugurl=file:///usr/share/doc/gcc-5/README.Bugs --enable-languages=c,ada,c++,java,go,d,fortran,objc,obj-c++ --prefix=/usr --program-suffix=-5 --enable-shared --enable-linker-build-id --libexecdir=/usr/lib --without-included-gettext --enable-threads=posix --libdir=/usr/lib --enable-nls --with-sysroot=/ --enable-clocale=gnu --enable-libstdcxx-debug --enable-libstdcxx-time=yes --with-default-libstdcxx-abi=new --enable-gnu-unique-object --disable-vtable-verify --enable-libmpx --enable-plugin --with-system-zlib --disable-browser-plugin --enable-java-awt=gtk --enable-gtk-cairo --with-java-home=/usr/lib/jvm/java-1.5.0-gcj-5-amd64/jre --enable-java-home --with-jvm-root-dir=/usr/lib/jvm/java-1.5.0-gcj-5-amd64 --with-jvm-jar-dir=/usr/lib/jvm-exports/java-1.5.0-gcj-5-amd64 --with-arch-directory=amd64 --with-ecj-jar=/usr/share/java/eclipse-ecj.jar --enable-objc-gc --enable-multiarch --disable-werror --with-arch-32=i686 --with-abi=m64 --with-multilib-list=m32,m64,mx32 --enable-multilib --with-tune=generic --enable-checking=release --build=x86_64-linux-gnu --host=x86_64-linux-gnu --target=x86_64-linux-gnu
Thread model: posix
gcc version 5.4.0 20160609 (Ubuntu 5.4.0-6ubuntu1~16.04.10) 
COMPILER_PATH=/usr/lib/gcc/x86_64-linux-gnu/5/:/usr/lib/gcc/x86_64-linux-gnu/5/:/usr/lib/gcc/x86_64-linux-gnu/:/usr/lib/gcc/x86_64-linux-gnu/5/:/usr/lib/gcc/x86_64-linux-gnu/
LIBRARY_PATH=/usr/lib/gcc/x86_64-linux-gnu/5/:/usr/lib/gcc/x86_64-linux-gnu/5/../../../x86_64-linux-gnu/:/usr/lib/gcc/x86_64-linux-gnu/5/../../../../lib/:/lib/x86_64-linux-gnu/:/lib/../lib/:/usr/lib/x86_64-linux-gnu/:/usr/lib/../lib/:/usr/lib/gcc/x86_64-linux-gnu/5/../../../:/lib/:/usr/lib/
COLLECT_GCC_OPTIONS='-v' '-rdynamic' '-o' 'cmTC_11f48' '-mtune=generic' '-march=x86-64'
 /usr/lib/gcc/x86_64-linux-gnu/5/collect2 -plugin /usr/lib/gcc/x86_64-linux-gnu/5/liblto_plugin.so -plugin-opt=/usr/lib/gcc/x86_64-linux-gnu/5/lto-wrapper -plugin-opt=-fresolution=/tmp/ccZIa9RV.res -plugin-opt=-pass-through=-lgcc -plugin-opt=-pass-through=-lgcc_s -plugin-opt=-pass-through=-lc -plugin-opt=-pass-through=-lgcc -plugin-opt=-pass-through=-lgcc_s --sysroot=/ --build-id --eh-frame-hdr -m elf_x86_64 --hash-style=gnu --as-needed -export-dynamic -dynamic-linker /lib64/ld-linux-x86-64.so.2 -z relro -o cmTC_11f48 /usr/lib/gcc/x86_64-linux-gnu/5/../../../x86_64-linux-gnu/crt1.o /usr/lib/gcc/x86_64-linux-gnu/5/../../../x86_64-linux-gnu/crti.o /usr/lib/gcc/x86_64-linux-gnu/5/crtbegin.o -L/usr/lib/gcc/x86_64-linux-gnu/5 -L/usr/lib/gcc/x86_64-linux-gnu/5/../../../x86_64-linux-gnu -L/usr/lib/gcc/x86_64-linux-gnu/5/../../../../lib -L/lib/x86_64-linux-gnu -L/lib/../lib -L/usr/lib/x86_64-linux-gnu -L/usr/lib/../lib -L/usr/lib/gcc/x86_64-linux-gnu/5/../../.. CMakeFiles/cmTC_11f48.dir/CMakeCCompilerABI.c.o -lgcc --as-needed -lgcc_s --no-as-needed -lc -lgcc --as-needed -lgcc_s --no-as-needed /usr/lib/gcc/x86_64-linux-gnu/5/crtend.o /usr/lib/gcc/x86_64-linux-gnu/5/../../../x86_64-linux-gnu/crtn.o
make[4]: Leaving directory '/home/michail/Desktop/PHD_INSIGNEO/PHD/case_study/scedule_work/feasibility_of_project/SEGMENTATION_PIPELINE/CODE/RicianMM/build/KWStyle-build/CMakeFiles/CMakeTmp'
make[3]: Leaving directory '/home/michail/Desktop/PHD_INSIGNEO/PHD/case_study/scedule_work/feasibility_of_project/SEGMENTATION_PIPELINE/CODE/RicianMM/build/KWStyle-build/CMakeFiles/CMakeTmp'


Parsed C implicit link information from above output:
  link line regex: [^( *|.*[/\])(ld|CMAKE_LINK_STARTFILE-NOTFOUND|([^/\]+-)?ld|collect2)[^/\]*( |$)]
  ignore line: [Change Dir: /home/michail/Desktop/PHD_INSIGNEO/PHD/case_study/scedule_work/feasibility_of_project/SEGMENTATION_PIPELINE/CODE/RicianMM/build/KWStyle-build/CMakeFiles/CMakeTmp]
  ignore line: []
  ignore line: [Run Build Command:"/usr/bin/make" "cmTC_11f48/fast"]
  ignore line: [make[3]: Entering directory '/home/michail/Desktop/PHD_INSIGNEO/PHD/case_study/scedule_work/feasibility_of_project/SEGMENTATION_PIPELINE/CODE/RicianMM/build/KWStyle-build/CMakeFiles/CMakeTmp']
  ignore line: [/usr/bin/make -f CMakeFiles/cmTC_11f48.dir/build.make CMakeFiles/cmTC_11f48.dir/build]
  ignore line: [make[4]: Entering directory '/home/michail/Desktop/PHD_INSIGNEO/PHD/case_study/scedule_work/feasibility_of_project/SEGMENTATION_PIPELINE/CODE/RicianMM/build/KWStyle-build/CMakeFiles/CMakeTmp']
  ignore line: [Building C object CMakeFiles/cmTC_11f48.dir/CMakeCCompilerABI.c.o]
  ignore line: [/usr/bin/cc    -o CMakeFiles/cmTC_11f48.dir/CMakeCCompilerABI.c.o   -c /usr/local/share/cmake-3.11/Modules/CMakeCCompilerABI.c]
  ignore line: [Linking C executable cmTC_11f48]
  ignore line: [/usr/local/bin/cmake -E cmake_link_script CMakeFiles/cmTC_11f48.dir/link.txt --verbose=1]
  ignore line: [/usr/bin/cc       -v -rdynamic CMakeFiles/cmTC_11f48.dir/CMakeCCompilerABI.c.o  -o cmTC_11f48 ]
  ignore line: [Using built-in specs.]
  ignore line: [COLLECT_GCC=/usr/bin/cc]
  ignore line: [COLLECT_LTO_WRAPPER=/usr/lib/gcc/x86_64-linux-gnu/5/lto-wrapper]
  ignore line: [Target: x86_64-linux-gnu]
  ignore line: [Configured with: ../src/configure -v --with-pkgversion='Ubuntu 5.4.0-6ubuntu1~16.04.10' --with-bugurl=file:///usr/share/doc/gcc-5/README.Bugs --enable-languages=c,ada,c++,java,go,d,fortran,objc,obj-c++ --prefix=/usr --program-suffix=-5 --enable-shared --enable-linker-build-id --libexecdir=/usr/lib --without-included-gettext --enable-threads=posix --libdir=/usr/lib --enable-nls --with-sysroot=/ --enable-clocale=gnu --enable-libstdcxx-debug --enable-libstdcxx-time=yes --with-default-libstdcxx-abi=new --enable-gnu-unique-object --disable-vtable-verify --enable-libmpx --enable-plugin --with-system-zlib --disable-browser-plugin --enable-java-awt=gtk --enable-gtk-cairo --with-java-home=/usr/lib/jvm/java-1.5.0-gcj-5-amd64/jre --enable-java-home --with-jvm-root-dir=/usr/lib/jvm/java-1.5.0-gcj-5-amd64 --with-jvm-jar-dir=/usr/lib/jvm-exports/java-1.5.0-gcj-5-amd64 --with-arch-directory=amd64 --with-ecj-jar=/usr/share/java/eclipse-ecj.jar --enable-objc-gc --enable-multiarch --disable-werror --with-arch-32=i686 --with-abi=m64 --with-multilib-list=m32,m64,mx32 --enable-multilib --with-tune=generic --enable-checking=release --build=x86_64-linux-gnu --host=x86_64-linux-gnu --target=x86_64-linux-gnu]
  ignore line: [Thread model: posix]
  ignore line: [gcc version 5.4.0 20160609 (Ubuntu 5.4.0-6ubuntu1~16.04.10) ]
  ignore line: [COMPILER_PATH=/usr/lib/gcc/x86_64-linux-gnu/5/:/usr/lib/gcc/x86_64-linux-gnu/5/:/usr/lib/gcc/x86_64-linux-gnu/:/usr/lib/gcc/x86_64-linux-gnu/5/:/usr/lib/gcc/x86_64-linux-gnu/]
  ignore line: [LIBRARY_PATH=/usr/lib/gcc/x86_64-linux-gnu/5/:/usr/lib/gcc/x86_64-linux-gnu/5/../../../x86_64-linux-gnu/:/usr/lib/gcc/x86_64-linux-gnu/5/../../../../lib/:/lib/x86_64-linux-gnu/:/lib/../lib/:/usr/lib/x86_64-linux-gnu/:/usr/lib/../lib/:/usr/lib/gcc/x86_64-linux-gnu/5/../../../:/lib/:/usr/lib/]
  ignore line: [COLLECT_GCC_OPTIONS='-v' '-rdynamic' '-o' 'cmTC_11f48' '-mtune=generic' '-march=x86-64']
  link line: [ /usr/lib/gcc/x86_64-linux-gnu/5/collect2 -plugin /usr/lib/gcc/x86_64-linux-gnu/5/liblto_plugin.so -plugin-opt=/usr/lib/gcc/x86_64-linux-gnu/5/lto-wrapper -plugin-opt=-fresolution=/tmp/ccZIa9RV.res -plugin-opt=-pass-through=-lgcc -plugin-opt=-pass-through=-lgcc_s -plugin-opt=-pass-through=-lc -plugin-opt=-pass-through=-lgcc -plugin-opt=-pass-through=-lgcc_s --sysroot=/ --build-id --eh-frame-hdr -m elf_x86_64 --hash-style=gnu --as-needed -export-dynamic -dynamic-linker /lib64/ld-linux-x86-64.so.2 -z relro -o cmTC_11f48 /usr/lib/gcc/x86_64-linux-gnu/5/../../../x86_64-linux-gnu/crt1.o /usr/lib/gcc/x86_64-linux-gnu/5/../../../x86_64-linux-gnu/crti.o /usr/lib/gcc/x86_64-linux-gnu/5/crtbegin.o -L/usr/lib/gcc/x86_64-linux-gnu/5 -L/usr/lib/gcc/x86_64-linux-gnu/5/../../../x86_64-linux-gnu -L/usr/lib/gcc/x86_64-linux-gnu/5/../../../../lib -L/lib/x86_64-linux-gnu -L/lib/../lib -L/usr/lib/x86_64-linux-gnu -L/usr/lib/../lib -L/usr/lib/gcc/x86_64-linux-gnu/5/../../.. CMakeFiles/cmTC_11f48.dir/CMakeCCompilerABI.c.o -lgcc --as-needed -lgcc_s --no-as-needed -lc -lgcc --as-needed -lgcc_s --no-as-needed /usr/lib/gcc/x86_64-linux-gnu/5/crtend.o /usr/lib/gcc/x86_64-linux-gnu/5/../../../x86_64-linux-gnu/crtn.o]
    arg [/usr/lib/gcc/x86_64-linux-gnu/5/collect2] ==> ignore
    arg [-plugin] ==> ignore
    arg [/usr/lib/gcc/x86_64-linux-gnu/5/liblto_plugin.so] ==> ignore
    arg [-plugin-opt=/usr/lib/gcc/x86_64-linux-gnu/5/lto-wrapper] ==> ignore
    arg [-plugin-opt=-fresolution=/tmp/ccZIa9RV.res] ==> ignore
    arg [-plugin-opt=-pass-through=-lgcc] ==> ignore
    arg [-plugin-opt=-pass-through=-lgcc_s] ==> ignore
    arg [-plugin-opt=-pass-through=-lc] ==> ignore
    arg [-plugin-opt=-pass-through=-lgcc] ==> ignore
    arg [-plugin-opt=-pass-through=-lgcc_s] ==> ignore
    arg [--sysroot=/] ==> ignore
    arg [--build-id] ==> ignore
    arg [--eh-frame-hdr] ==> ignore
    arg [-m] ==> ignore
    arg [elf_x86_64] ==> ignore
    arg [--hash-style=gnu] ==> ignore
    arg [--as-needed] ==> ignore
    arg [-export-dynamic] ==> ignore
    arg [-dynamic-linker] ==> ignore
    arg [/lib64/ld-linux-x86-64.so.2] ==> ignore
    arg [-zrelro] ==> ignore
    arg [-o] ==> ignore
    arg [cmTC_11f48] ==> ignore
    arg [/usr/lib/gcc/x86_64-linux-gnu/5/../../../x86_64-linux-gnu/crt1.o] ==> ignore
    arg [/usr/lib/gcc/x86_64-linux-gnu/5/../../../x86_64-linux-gnu/crti.o] ==> ignore
    arg [/usr/lib/gcc/x86_64-linux-gnu/5/crtbegin.o] ==> ignore
    arg [-L/usr/lib/gcc/x86_64-linux-gnu/5] ==> dir [/usr/lib/gcc/x86_64-linux-gnu/5]
    arg [-L/usr/lib/gcc/x86_64-linux-gnu/5/../../../x86_64-linux-gnu] ==> dir [/usr/lib/gcc/x86_64-linux-gnu/5/../../../x86_64-linux-gnu]
    arg [-L/usr/lib/gcc/x86_64-linux-gnu/5/../../../../lib] ==> dir [/usr/lib/gcc/x86_64-linux-gnu/5/../../../../lib]
    arg [-L/lib/x86_64-linux-gnu] ==> dir [/lib/x86_64-linux-gnu]
    arg [-L/lib/../lib] ==> dir [/lib/../lib]
    arg [-L/usr/lib/x86_64-linux-gnu] ==> dir [/usr/lib/x86_64-linux-gnu]
    arg [-L/usr/lib/../lib] ==> dir [/usr/lib/../lib]
    arg [-L/usr/lib/gcc/x86_64-linux-gnu/5/../../..] ==> dir [/usr/lib/gcc/x86_64-linux-gnu/5/../../..]
    arg [CMakeFiles/cmTC_11f48.dir/CMakeCCompilerABI.c.o] ==> ignore
    arg [-lgcc] ==> lib [gcc]
    arg [--as-needed] ==> ignore
    arg [-lgcc_s] ==> lib [gcc_s]
    arg [--no-as-needed] ==> ignore
    arg [-lc] ==> lib [c]
    arg [-lgcc] ==> lib [gcc]
    arg [--as-needed] ==> ignore
    arg [-lgcc_s] ==> lib [gcc_s]
    arg [--no-as-needed] ==> ignore
    arg [/usr/lib/gcc/x86_64-linux-gnu/5/crtend.o] ==> ignore
    arg [/usr/lib/gcc/x86_64-linux-gnu/5/../../../x86_64-linux-gnu/crtn.o] ==> ignore
  collapse library dir [/usr/lib/gcc/x86_64-linux-gnu/5] ==> [/usr/lib/gcc/x86_64-linux-gnu/5]
  collapse library dir [/usr/lib/gcc/x86_64-linux-gnu/5/../../../x86_64-linux-gnu] ==> [/usr/lib/x86_64-linux-gnu]
  collapse library dir [/usr/lib/gcc/x86_64-linux-gnu/5/../../../../lib] ==> [/usr/lib]
  collapse library dir [/lib/x86_64-linux-gnu] ==> [/lib/x86_64-linux-gnu]
  collapse library dir [/lib/../lib] ==> [/lib]
  collapse library dir [/usr/lib/x86_64-linux-gnu] ==> [/usr/lib/x86_64-linux-gnu]
  collapse library dir [/usr/lib/../lib] ==> [/usr/lib]
  collapse library dir [/usr/lib/gcc/x86_64-linux-gnu/5/../../..] ==> [/usr/lib]
  implicit libs: [gcc;gcc_s;c;gcc;gcc_s]
  implicit dirs: [/usr/lib/gcc/x86_64-linux-gnu/5;/usr/lib/x86_64-linux-gnu;/usr/lib;/lib/x86_64-linux-gnu;/lib]
  implicit fwks: []




Detecting C [-std=c11] compiler features compiled with the following output:
Change Dir: /home/michail/Desktop/PHD_INSIGNEO/PHD/case_study/scedule_work/feasibility_of_project/SEGMENTATION_PIPELINE/CODE/RicianMM/build/KWStyle-build/CMakeFiles/CMakeTmp

Run Build Command:"/usr/bin/make" "cmTC_1232b/fast"
make[3]: Entering directory '/home/michail/Desktop/PHD_INSIGNEO/PHD/case_study/scedule_work/feasibility_of_project/SEGMENTATION_PIPELINE/CODE/RicianMM/build/KWStyle-build/CMakeFiles/CMakeTmp'
/usr/bin/make -f CMakeFiles/cmTC_1232b.dir/build.make CMakeFiles/cmTC_1232b.dir/build
make[4]: Entering directory '/home/michail/Desktop/PHD_INSIGNEO/PHD/case_study/scedule_work/feasibility_of_project/SEGMENTATION_PIPELINE/CODE/RicianMM/build/KWStyle-build/CMakeFiles/CMakeTmp'
Building C object CMakeFiles/cmTC_1232b.dir/feature_tests.c.o
/usr/bin/cc   -std=c11 -o CMakeFiles/cmTC_1232b.dir/feature_tests.c.o   -c /home/michail/Desktop/PHD_INSIGNEO/PHD/case_study/scedule_work/feasibility_of_project/SEGMENTATION_PIPELINE/CODE/RicianMM/build/KWStyle-build/CMakeFiles/feature_tests.c
Linking C executable cmTC_1232b
/usr/local/bin/cmake -E cmake_link_script CMakeFiles/cmTC_1232b.dir/link.txt --verbose=1
/usr/bin/cc        -rdynamic CMakeFiles/cmTC_1232b.dir/feature_tests.c.o  -o cmTC_1232b 
make[4]: Leaving directory '/home/michail/Desktop/PHD_INSIGNEO/PHD/case_study/scedule_work/feasibility_of_project/SEGMENTATION_PIPELINE/CODE/RicianMM/build/KWStyle-build/CMakeFiles/CMakeTmp'
make[3]: Leaving directory '/home/michail/Desktop/PHD_INSIGNEO/PHD/case_study/scedule_work/feasibility_of_project/SEGMENTATION_PIPELINE/CODE/RicianMM/build/KWStyle-build/CMakeFiles/CMakeTmp'


    Feature record: C_FEATURE:1c_function_prototypes
    Feature record: C_FEATURE:1c_restrict
    Feature record: C_FEATURE:1c_static_assert
    Feature record: C_FEATURE:1c_variadic_macros


Detecting C [-std=c99] compiler features compiled with the following output:
Change Dir: /home/michail/Desktop/PHD_INSIGNEO/PHD/case_study/scedule_work/feasibility_of_project/SEGMENTATION_PIPELINE/CODE/RicianMM/build/KWStyle-build/CMakeFiles/CMakeTmp

Run Build Command:"/usr/bin/make" "cmTC_47664/fast"
make[3]: Entering directory '/home/michail/Desktop/PHD_INSIGNEO/PHD/case_study/scedule_work/feasibility_of_project/SEGMENTATION_PIPELINE/CODE/RicianMM/build/KWStyle-build/CMakeFiles/CMakeTmp'
/usr/bin/make -f CMakeFiles/cmTC_47664.dir/build.make CMakeFiles/cmTC_47664.dir/build
make[4]: Entering directory '/home/michail/Desktop/PHD_INSIGNEO/PHD/case_study/scedule_work/feasibility_of_project/SEGMENTATION_PIPELINE/CODE/RicianMM/build/KWStyle-build/CMakeFiles/CMakeTmp'
Building C object CMakeFiles/cmTC_47664.dir/feature_tests.c.o
/usr/bin/cc   -std=c99 -o CMakeFiles/cmTC_47664.dir/feature_tests.c.o   -c /home/michail/Desktop/PHD_INSIGNEO/PHD/case_study/scedule_work/feasibility_of_project/SEGMENTATION_PIPELINE/CODE/RicianMM/build/KWStyle-build/CMakeFiles/feature_tests.c
Linking C executable cmTC_47664
/usr/local/bin/cmake -E cmake_link_script CMakeFiles/cmTC_47664.dir/link.txt --verbose=1
/usr/bin/cc        -rdynamic CMakeFiles/cmTC_47664.dir/feature_tests.c.o  -o cmTC_47664 
make[4]: Leaving directory '/home/michail/Desktop/PHD_INSIGNEO/PHD/case_study/scedule_work/feasibility_of_project/SEGMENTATION_PIPELINE/CODE/RicianMM/build/KWStyle-build/CMakeFiles/CMakeTmp'
make[3]: Leaving directory '/home/michail/Desktop/PHD_INSIGNEO/PHD/case_study/scedule_work/feasibility_of_project/SEGMENTATION_PIPELINE/CODE/RicianMM/build/KWStyle-build/CMakeFiles/CMakeTmp'


    Feature record: C_FEATURE:1c_function_prototypes
    Feature record: C_FEATURE:1c_restrict
    Feature record: C_FEATURE:0c_static_assert
    Feature record: C_FEATURE:1c_variadic_macros


Detecting C [-std=c90] compiler features compiled with the following output:
Change Dir: /home/michail/Desktop/PHD_INSIGNEO/PHD/case_study/scedule_work/feasibility_of_project/SEGMENTATION_PIPELINE/CODE/RicianMM/build/KWStyle-build/CMakeFiles/CMakeTmp

Run Build Command:"/usr/bin/make" "cmTC_3ced2/fast"
make[3]: Entering directory '/home/michail/Desktop/PHD_INSIGNEO/PHD/case_study/scedule_work/feasibility_of_project/SEGMENTATION_PIPELINE/CODE/RicianMM/build/KWStyle-build/CMakeFiles/CMakeTmp'
/usr/bin/make -f CMakeFiles/cmTC_3ced2.dir/build.make CMakeFiles/cmTC_3ced2.dir/build
make[4]: Entering directory '/home/michail/Desktop/PHD_INSIGNEO/PHD/case_study/scedule_work/feasibility_of_project/SEGMENTATION_PIPELINE/CODE/RicianMM/build/KWStyle-build/CMakeFiles/CMakeTmp'
Building C object CMakeFiles/cmTC_3ced2.dir/feature_tests.c.o
/usr/bin/cc   -std=c90 -o CMakeFiles/cmTC_3ced2.dir/feature_tests.c.o   -c /home/michail/Desktop/PHD_INSIGNEO/PHD/case_study/scedule_work/feasibility_of_project/SEGMENTATION_PIPELINE/CODE/RicianMM/build/KWStyle-build/CMakeFiles/feature_tests.c
Linking C executable cmTC_3ced2
/usr/local/bin/cmake -E cmake_link_script CMakeFiles/cmTC_3ced2.dir/link.txt --verbose=1
/usr/bin/cc        -rdynamic CMakeFiles/cmTC_3ced2.dir/feature_tests.c.o  -o cmTC_3ced2 
make[4]: Leaving directory '/home/michail/Desktop/PHD_INSIGNEO/PHD/case_study/scedule_work/feasibility_of_project/SEGMENTATION_PIPELINE/CODE/RicianMM/build/KWStyle-build/CMakeFiles/CMakeTmp'
make[3]: Leaving directory '/home/michail/Desktop/PHD_INSIGNEO/PHD/case_study/scedule_work/feasibility_of_project/SEGMENTATION_PIPELINE/CODE/RicianMM/build/KWStyle-build/CMakeFiles/CMakeTmp'


    Feature record: C_FEATURE:1c_function_prototypes
    Feature record: C_FEATURE:0c_restrict
    Feature record: C_FEATURE:0c_static_assert
    Feature record: C_FEATURE:0c_variadic_macros
Determining if the CXX compiler works passed with the following output:
Change Dir: /home/michail/Desktop/PHD_INSIGNEO/PHD/case_study/scedule_work/feasibility_of_project/SEGMENTATION_PIPELINE/CODE/RicianMM/build/KWStyle-build/CMakeFiles/CMakeTmp

Run Build Command:"/usr/bin/make" "cmTC_7035c/fast"
make[3]: Entering directory '/home/michail/Desktop/PHD_INSIGNEO/PHD/case_study/scedule_work/feasibility_of_project/SEGMENTATION_PIPELINE/CODE/RicianMM/build/KWStyle-build/CMakeFiles/CMakeTmp'
/usr/bin/make -f CMakeFiles/cmTC_7035c.dir/build.make CMakeFiles/cmTC_7035c.dir/build
make[4]: Entering directory '/home/michail/Desktop/PHD_INSIGNEO/PHD/case_study/scedule_work/feasibility_of_project/SEGMENTATION_PIPELINE/CODE/RicianMM/build/KWStyle-build/CMakeFiles/CMakeTmp'
Building CXX object CMakeFiles/cmTC_7035c.dir/testCXXCompiler.cxx.o
/usr/bin/c++    -msse2  -msse2    -o CMakeFiles/cmTC_7035c.dir/testCXXCompiler.cxx.o -c /home/michail/Desktop/PHD_INSIGNEO/PHD/case_study/scedule_work/feasibility_of_project/SEGMENTATION_PIPELINE/CODE/RicianMM/build/KWStyle-build/CMakeFiles/CMakeTmp/testCXXCompiler.cxx
Linking CXX executable cmTC_7035c
/usr/local/bin/cmake -E cmake_link_script CMakeFiles/cmTC_7035c.dir/link.txt --verbose=1
/usr/bin/c++    -msse2  -msse2     -rdynamic CMakeFiles/cmTC_7035c.dir/testCXXCompiler.cxx.o  -o cmTC_7035c 
make[4]: Leaving directory '/home/michail/Desktop/PHD_INSIGNEO/PHD/case_study/scedule_work/feasibility_of_project/SEGMENTATION_PIPELINE/CODE/RicianMM/build/KWStyle-build/CMakeFiles/CMakeTmp'
make[3]: Leaving directory '/home/michail/Desktop/PHD_INSIGNEO/PHD/case_study/scedule_work/feasibility_of_project/SEGMENTATION_PIPELINE/CODE/RicianMM/build/KWStyle-build/CMakeFiles/CMakeTmp'


Detecting CXX compiler ABI info compiled with the following output:
Change Dir: /home/michail/Desktop/PHD_INSIGNEO/PHD/case_study/scedule_work/feasibility_of_project/SEGMENTATION_PIPELINE/CODE/RicianMM/build/KWStyle-build/CMakeFiles/CMakeTmp

Run Build Command:"/usr/bin/make" "cmTC_f8d03/fast"
make[3]: Entering directory '/home/michail/Desktop/PHD_INSIGNEO/PHD/case_study/scedule_work/feasibility_of_project/SEGMENTATION_PIPELINE/CODE/RicianMM/build/KWStyle-build/CMakeFiles/CMakeTmp'
/usr/bin/make -f CMakeFiles/cmTC_f8d03.dir/build.make CMakeFiles/cmTC_f8d03.dir/build
make[4]: Entering directory '/home/michail/Desktop/PHD_INSIGNEO/PHD/case_study/scedule_work/feasibility_of_project/SEGMENTATION_PIPELINE/CODE/RicianMM/build/KWStyle-build/CMakeFiles/CMakeTmp'
Building CXX object CMakeFiles/cmTC_f8d03.dir/CMakeCXXCompilerABI.cpp.o
/usr/bin/c++    -msse2  -msse2    -o CMakeFiles/cmTC_f8d03.dir/CMakeCXXCompilerABI.cpp.o -c /usr/local/share/cmake-3.11/Modules/CMakeCXXCompilerABI.cpp
Linking CXX executable cmTC_f8d03
/usr/local/bin/cmake -E cmake_link_script CMakeFiles/cmTC_f8d03.dir/link.txt --verbose=1
/usr/bin/c++    -msse2  -msse2    -v -rdynamic CMakeFiles/cmTC_f8d03.dir/CMakeCXXCompilerABI.cpp.o  -o cmTC_f8d03 
Using built-in specs.
COLLECT_GCC=/usr/bin/c++
COLLECT_LTO_WRAPPER=/usr/lib/gcc/x86_64-linux-gnu/5/lto-wrapper
Target: x86_64-linux-gnu
Configured with: ../src/configure -v --with-pkgversion='Ubuntu 5.4.0-6ubuntu1~16.04.10' --with-bugurl=file:///usr/share/doc/gcc-5/README.Bugs --enable-languages=c,ada,c++,java,go,d,fortran,objc,obj-c++ --prefix=/usr --program-suffix=-5 --enable-shared --enable-linker-build-id --libexecdir=/usr/lib --without-included-gettext --enable-threads=posix --libdir=/usr/lib --enable-nls --with-sysroot=/ --enable-clocale=gnu --enable-libstdcxx-debug --enable-libstdcxx-time=yes --with-default-libstdcxx-abi=new --enable-gnu-unique-object --disable-vtable-verify --enable-libmpx --enable-plugin --with-system-zlib --disable-browser-plugin --enable-java-awt=gtk --enable-gtk-cairo --with-java-home=/usr/lib/jvm/java-1.5.0-gcj-5-amd64/jre --enable-java-home --with-jvm-root-dir=/usr/lib/jvm/java-1.5.0-gcj-5-amd64 --with-jvm-jar-dir=/usr/lib/jvm-exports/java-1.5.0-gcj-5-amd64 --with-arch-directory=amd64 --with-ecj-jar=/usr/share/java/eclipse-ecj.jar --enable-objc-gc --enable-multiarch --disable-werror --with-arch-32=i686 --with-abi=m64 --with-multilib-list=m32,m64,mx32 --enable-multilib --with-tune=generic --enable-checking=release --build=x86_64-linux-gnu --host=x86_64-linux-gnu --target=x86_64-linux-gnu
Thread model: posix
gcc version 5.4.0 20160609 (Ubuntu 5.4.0-6ubuntu1~16.04.10) 
COMPILER_PATH=/usr/lib/gcc/x86_64-linux-gnu/5/:/usr/lib/gcc/x86_64-linux-gnu/5/:/usr/lib/gcc/x86_64-linux-gnu/:/usr/lib/gcc/x86_64-linux-gnu/5/:/usr/lib/gcc/x86_64-linux-gnu/
LIBRARY_PATH=/usr/lib/gcc/x86_64-linux-gnu/5/:/usr/lib/gcc/x86_64-linux-gnu/5/../../../x86_64-linux-gnu/:/usr/lib/gcc/x86_64-linux-gnu/5/../../../../lib/:/lib/x86_64-linux-gnu/:/lib/../lib/:/usr/lib/x86_64-linux-gnu/:/usr/lib/../lib/:/usr/lib/gcc/x86_64-linux-gnu/5/../../../:/lib/:/usr/lib/
COLLECT_GCC_OPTIONS='-msse2' '-v' '-rdynamic' '-o' 'cmTC_f8d03' '-shared-libgcc' '-mtune=generic' '-march=x86-64'
 /usr/lib/gcc/x86_64-linux-gnu/5/collect2 -plugin /usr/lib/gcc/x86_64-linux-gnu/5/liblto_plugin.so -plugin-opt=/usr/lib/gcc/x86_64-linux-gnu/5/lto-wrapper -plugin-opt=-fresolution=/tmp/cc079R3c.res -plugin-opt=-pass-through=-lgcc_s -plugin-opt=-pass-through=-lgcc -plugin-opt=-pass-through=-lc -plugin-opt=-pass-through=-lgcc_s -plugin-opt=-pass-through=-lgcc --sysroot=/ --build-id --eh-frame-hdr -m elf_x86_64 --hash-style=gnu --as-needed -export-dynamic -dynamic-linker /lib64/ld-linux-x86-64.so.2 -z relro -o cmTC_f8d03 /usr/lib/gcc/x86_64-linux-gnu/5/../../../x86_64-linux-gnu/crt1.o /usr/lib/gcc/x86_64-linux-gnu/5/../../../x86_64-linux-gnu/crti.o /usr/lib/gcc/x86_64-linux-gnu/5/crtbegin.o -L/usr/lib/gcc/x86_64-linux-gnu/5 -L/usr/lib/gcc/x86_64-linux-gnu/5/../../../x86_64-linux-gnu -L/usr/lib/gcc/x86_64-linux-gnu/5/../../../../lib -L/lib/x86_64-linux-gnu -L/lib/../lib -L/usr/lib/x86_64-linux-gnu -L/usr/lib/../lib -L/usr/lib/gcc/x86_64-linux-gnu/5/../../.. CMakeFiles/cmTC_f8d03.dir/CMakeCXXCompilerABI.cpp.o -lstdc++ -lm -lgcc_s -lgcc -lc -lgcc_s -lgcc /usr/lib/gcc/x86_64-linux-gnu/5/crtend.o /usr/lib/gcc/x86_64-linux-gnu/5/../../../x86_64-linux-gnu/crtn.o
make[4]: Leaving directory '/home/michail/Desktop/PHD_INSIGNEO/PHD/case_study/scedule_work/feasibility_of_project/SEGMENTATION_PIPELINE/CODE/RicianMM/build/KWStyle-build/CMakeFiles/CMakeTmp'
make[3]: Leaving directory '/home/michail/Desktop/PHD_INSIGNEO/PHD/case_study/scedule_work/feasibility_of_project/SEGMENTATION_PIPELINE/CODE/RicianMM/build/KWStyle-build/CMakeFiles/CMakeTmp'


Parsed CXX implicit link information from above output:
  link line regex: [^( *|.*[/\])(ld|CMAKE_LINK_STARTFILE-NOTFOUND|([^/\]+-)?ld|collect2)[^/\]*( |$)]
  ignore line: [Change Dir: /home/michail/Desktop/PHD_INSIGNEO/PHD/case_study/scedule_work/feasibility_of_project/SEGMENTATION_PIPELINE/CODE/RicianMM/build/KWStyle-build/CMakeFiles/CMakeTmp]
  ignore line: []
  ignore line: [Run Build Command:"/usr/bin/make" "cmTC_f8d03/fast"]
  ignore line: [make[3]: Entering directory '/home/michail/Desktop/PHD_INSIGNEO/PHD/case_study/scedule_work/feasibility_of_project/SEGMENTATION_PIPELINE/CODE/RicianMM/build/KWStyle-build/CMakeFiles/CMakeTmp']
  ignore line: [/usr/bin/make -f CMakeFiles/cmTC_f8d03.dir/build.make CMakeFiles/cmTC_f8d03.dir/build]
  ignore line: [make[4]: Entering directory '/home/michail/Desktop/PHD_INSIGNEO/PHD/case_study/scedule_work/feasibility_of_project/SEGMENTATION_PIPELINE/CODE/RicianMM/build/KWStyle-build/CMakeFiles/CMakeTmp']
  ignore line: [Building CXX object CMakeFiles/cmTC_f8d03.dir/CMakeCXXCompilerABI.cpp.o]
  ignore line: [/usr/bin/c++    -msse2  -msse2    -o CMakeFiles/cmTC_f8d03.dir/CMakeCXXCompilerABI.cpp.o -c /usr/local/share/cmake-3.11/Modules/CMakeCXXCompilerABI.cpp]
  ignore line: [Linking CXX executable cmTC_f8d03]
  ignore line: [/usr/local/bin/cmake -E cmake_link_script CMakeFiles/cmTC_f8d03.dir/link.txt --verbose=1]
  ignore line: [/usr/bin/c++    -msse2  -msse2    -v -rdynamic CMakeFiles/cmTC_f8d03.dir/CMakeCXXCompilerABI.cpp.o  -o cmTC_f8d03 ]
  ignore line: [Using built-in specs.]
  ignore line: [COLLECT_GCC=/usr/bin/c++]
  ignore line: [COLLECT_LTO_WRAPPER=/usr/lib/gcc/x86_64-linux-gnu/5/lto-wrapper]
  ignore line: [Target: x86_64-linux-gnu]
  ignore line: [Configured with: ../src/configure -v --with-pkgversion='Ubuntu 5.4.0-6ubuntu1~16.04.10' --with-bugurl=file:///usr/share/doc/gcc-5/README.Bugs --enable-languages=c,ada,c++,java,go,d,fortran,objc,obj-c++ --prefix=/usr --program-suffix=-5 --enable-shared --enable-linker-build-id --libexecdir=/usr/lib --without-included-gettext --enable-threads=posix --libdir=/usr/lib --enable-nls --with-sysroot=/ --enable-clocale=gnu --enable-libstdcxx-debug --enable-libstdcxx-time=yes --with-default-libstdcxx-abi=new --enable-gnu-unique-object --disable-vtable-verify --enable-libmpx --enable-plugin --with-system-zlib --disable-browser-plugin --enable-java-awt=gtk --enable-gtk-cairo --with-java-home=/usr/lib/jvm/java-1.5.0-gcj-5-amd64/jre --enable-java-home --with-jvm-root-dir=/usr/lib/jvm/java-1.5.0-gcj-5-amd64 --with-jvm-jar-dir=/usr/lib/jvm-exports/java-1.5.0-gcj-5-amd64 --with-arch-directory=amd64 --with-ecj-jar=/usr/share/java/eclipse-ecj.jar --enable-objc-gc --enable-multiarch --disable-werror --with-arch-32=i686 --with-abi=m64 --with-multilib-list=m32,m64,mx32 --enable-multilib --with-tune=generic --enable-checking=release --build=x86_64-linux-gnu --host=x86_64-linux-gnu --target=x86_64-linux-gnu]
  ignore line: [Thread model: posix]
  ignore line: [gcc version 5.4.0 20160609 (Ubuntu 5.4.0-6ubuntu1~16.04.10) ]
  ignore line: [COMPILER_PATH=/usr/lib/gcc/x86_64-linux-gnu/5/:/usr/lib/gcc/x86_64-linux-gnu/5/:/usr/lib/gcc/x86_64-linux-gnu/:/usr/lib/gcc/x86_64-linux-gnu/5/:/usr/lib/gcc/x86_64-linux-gnu/]
  ignore line: [LIBRARY_PATH=/usr/lib/gcc/x86_64-linux-gnu/5/:/usr/lib/gcc/x86_64-linux-gnu/5/../../../x86_64-linux-gnu/:/usr/lib/gcc/x86_64-linux-gnu/5/../../../../lib/:/lib/x86_64-linux-gnu/:/lib/../lib/:/usr/lib/x86_64-linux-gnu/:/usr/lib/../lib/:/usr/lib/gcc/x86_64-linux-gnu/5/../../../:/lib/:/usr/lib/]
  ignore line: [COLLECT_GCC_OPTIONS='-msse2' '-v' '-rdynamic' '-o' 'cmTC_f8d03' '-shared-libgcc' '-mtune=generic' '-march=x86-64']
  link line: [ /usr/lib/gcc/x86_64-linux-gnu/5/collect2 -plugin /usr/lib/gcc/x86_64-linux-gnu/5/liblto_plugin.so -plugin-opt=/usr/lib/gcc/x86_64-linux-gnu/5/lto-wrapper -plugin-opt=-fresolution=/tmp/cc079R3c.res -plugin-opt=-pass-through=-lgcc_s -plugin-opt=-pass-through=-lgcc -plugin-opt=-pass-through=-lc -plugin-opt=-pass-through=-lgcc_s -plugin-opt=-pass-through=-lgcc --sysroot=/ --build-id --eh-frame-hdr -m elf_x86_64 --hash-style=gnu --as-needed -export-dynamic -dynamic-linker /lib64/ld-linux-x86-64.so.2 -z relro -o cmTC_f8d03 /usr/lib/gcc/x86_64-linux-gnu/5/../../../x86_64-linux-gnu/crt1.o /usr/lib/gcc/x86_64-linux-gnu/5/../../../x86_64-linux-gnu/crti.o /usr/lib/gcc/x86_64-linux-gnu/5/crtbegin.o -L/usr/lib/gcc/x86_64-linux-gnu/5 -L/usr/lib/gcc/x86_64-linux-gnu/5/../../../x86_64-linux-gnu -L/usr/lib/gcc/x86_64-linux-gnu/5/../../../../lib -L/lib/x86_64-linux-gnu -L/lib/../lib -L/usr/lib/x86_64-linux-gnu -L/usr/lib/../lib -L/usr/lib/gcc/x86_64-linux-gnu/5/../../.. CMakeFiles/cmTC_f8d03.dir/CMakeCXXCompilerABI.cpp.o -lstdc++ -lm -lgcc_s -lgcc -lc -lgcc_s -lgcc /usr/lib/gcc/x86_64-linux-gnu/5/crtend.o /usr/lib/gcc/x86_64-linux-gnu/5/../../../x86_64-linux-gnu/crtn.o]
    arg [/usr/lib/gcc/x86_64-linux-gnu/5/collect2] ==> ignore
    arg [-plugin] ==> ignore
    arg [/usr/lib/gcc/x86_64-linux-gnu/5/liblto_plugin.so] ==> ignore
    arg [-plugin-opt=/usr/lib/gcc/x86_64-linux-gnu/5/lto-wrapper] ==> ignore
    arg [-plugin-opt=-fresolution=/tmp/cc079R3c.res] ==> ignore
    arg [-plugin-opt=-pass-through=-lgcc_s] ==> ignore
    arg [-plugin-opt=-pass-through=-lgcc] ==> ignore
    arg [-plugin-opt=-pass-through=-lc] ==> ignore
    arg [-plugin-opt=-pass-through=-lgcc_s] ==> ignore
    arg [-plugin-opt=-pass-through=-lgcc] ==> ignore
    arg [--sysroot=/] ==> ignore
    arg [--build-id] ==> ignore
    arg [--eh-frame-hdr] ==> ignore
    arg [-m] ==> ignore
    arg [elf_x86_64] ==> ignore
    arg [--hash-style=gnu] ==> ignore
    arg [--as-needed] ==> ignore
    arg [-export-dynamic] ==> ignore
    arg [-dynamic-linker] ==> ignore
    arg [/lib64/ld-linux-x86-64.so.2] ==> ignore
    arg [-zrelro] ==> ignore
    arg [-o] ==> ignore
    arg [cmTC_f8d03] ==> ignore
    arg [/usr/lib/gcc/x86_64-linux-gnu/5/../../../x86_64-linux-gnu/crt1.o] ==> ignore
    arg [/usr/lib/gcc/x86_64-linux-gnu/5/../../../x86_64-linux-gnu/crti.o] ==> ignore
    arg [/usr/lib/gcc/x86_64-linux-gnu/5/crtbegin.o] ==> ignore
    arg [-L/usr/lib/gcc/x86_64-linux-gnu/5] ==> dir [/usr/lib/gcc/x86_64-linux-gnu/5]
    arg [-L/usr/lib/gcc/x86_64-linux-gnu/5/../../../x86_64-linux-gnu] ==> dir [/usr/lib/gcc/x86_64-linux-gnu/5/../../../x86_64-linux-gnu]
    arg [-L/usr/lib/gcc/x86_64-linux-gnu/5/../../../../lib] ==> dir [/usr/lib/gcc/x86_64-linux-gnu/5/../../../../lib]
    arg [-L/lib/x86_64-linux-gnu] ==> dir [/lib/x86_64-linux-gnu]
    arg [-L/lib/../lib] ==> dir [/lib/../lib]
    arg [-L/usr/lib/x86_64-linux-gnu] ==> dir [/usr/lib/x86_64-linux-gnu]
    arg [-L/usr/lib/../lib] ==> dir [/usr/lib/../lib]
    arg [-L/usr/lib/gcc/x86_64-linux-gnu/5/../../..] ==> dir [/usr/lib/gcc/x86_64-linux-gnu/5/../../..]
    arg [CMakeFiles/cmTC_f8d03.dir/CMakeCXXCompilerABI.cpp.o] ==> ignore
    arg [-lstdc++] ==> lib [stdc++]
    arg [-lm] ==> lib [m]
    arg [-lgcc_s] ==> lib [gcc_s]
    arg [-lgcc] ==> lib [gcc]
    arg [-lc] ==> lib [c]
    arg [-lgcc_s] ==> lib [gcc_s]
    arg [-lgcc] ==> lib [gcc]
    arg [/usr/lib/gcc/x86_64-linux-gnu/5/crtend.o] ==> ignore
    arg [/usr/lib/gcc/x86_64-linux-gnu/5/../../../x86_64-linux-gnu/crtn.o] ==> ignore
  collapse library dir [/usr/lib/gcc/x86_64-linux-gnu/5] ==> [/usr/lib/gcc/x86_64-linux-gnu/5]
  collapse library dir [/usr/lib/gcc/x86_64-linux-gnu/5/../../../x86_64-linux-gnu] ==> [/usr/lib/x86_64-linux-gnu]
  collapse library dir [/usr/lib/gcc/x86_64-linux-gnu/5/../../../../lib] ==> [/usr/lib]
  collapse library dir [/lib/x86_64-linux-gnu] ==> [/lib/x86_64-linux-gnu]
  collapse library dir [/lib/../lib] ==> [/lib]
  collapse library dir [/usr/lib/x86_64-linux-gnu] ==> [/usr/lib/x86_64-linux-gnu]
  collapse library dir [/usr/lib/../lib] ==> [/usr/lib]
  collapse library dir [/usr/lib/gcc/x86_64-linux-gnu/5/../../..] ==> [/usr/lib]
  implicit libs: [stdc++;m;gcc_s;gcc;c;gcc_s;gcc]
  implicit dirs: [/usr/lib/gcc/x86_64-linux-gnu/5;/usr/lib/x86_64-linux-gnu;/usr/lib;/lib/x86_64-linux-gnu;/lib]
  implicit fwks: []




Detecting CXX [-std=c++1z] compiler features compiled with the following output:
Change Dir: /home/michail/Desktop/PHD_INSIGNEO/PHD/case_study/scedule_work/feasibility_of_project/SEGMENTATION_PIPELINE/CODE/RicianMM/build/KWStyle-build/CMakeFiles/CMakeTmp

Run Build Command:"/usr/bin/make" "cmTC_7c467/fast"
make[3]: Entering directory '/home/michail/Desktop/PHD_INSIGNEO/PHD/case_study/scedule_work/feasibility_of_project/SEGMENTATION_PIPELINE/CODE/RicianMM/build/KWStyle-build/CMakeFiles/CMakeTmp'
/usr/bin/make -f CMakeFiles/cmTC_7c467.dir/build.make CMakeFiles/cmTC_7c467.dir/build
make[4]: Entering directory '/home/michail/Desktop/PHD_INSIGNEO/PHD/case_study/scedule_work/feasibility_of_project/SEGMENTATION_PIPELINE/CODE/RicianMM/build/KWStyle-build/CMakeFiles/CMakeTmp'
Building CXX object CMakeFiles/cmTC_7c467.dir/feature_tests.cxx.o
/usr/bin/c++    -msse2  -msse2    -std=c++1z -o CMakeFiles/cmTC_7c467.dir/feature_tests.cxx.o -c /home/michail/Desktop/PHD_INSIGNEO/PHD/case_study/scedule_work/feasibility_of_project/SEGMENTATION_PIPELINE/CODE/RicianMM/build/KWStyle-build/CMakeFiles/feature_tests.cxx
Linking CXX executable cmTC_7c467
/usr/local/bin/cmake -E cmake_link_script CMakeFiles/cmTC_7c467.dir/link.txt --verbose=1
/usr/bin/c++    -msse2  -msse2     -rdynamic CMakeFiles/cmTC_7c467.dir/feature_tests.cxx.o  -o cmTC_7c467 
make[4]: Leaving directory '/home/michail/Desktop/PHD_INSIGNEO/PHD/case_study/scedule_work/feasibility_of_project/SEGMENTATION_PIPELINE/CODE/RicianMM/build/KWStyle-build/CMakeFiles/CMakeTmp'
make[3]: Leaving directory '/home/michail/Desktop/PHD_INSIGNEO/PHD/case_study/scedule_work/feasibility_of_project/SEGMENTATION_PIPELINE/CODE/RicianMM/build/KWStyle-build/CMakeFiles/CMakeTmp'


    Feature record: CXX_FEATURE:1cxx_aggregate_default_initializers
    Feature record: CXX_FEATURE:1cxx_alias_templates
    Feature record: CXX_FEATURE:1cxx_alignas
    Feature record: CXX_FEATURE:1cxx_alignof
    Feature record: CXX_FEATURE:1cxx_attributes
    Feature record: CXX_FEATURE:1cxx_attribute_deprecated
    Feature record: CXX_FEATURE:1cxx_auto_type
    Feature record: CXX_FEATURE:1cxx_binary_literals
    Feature record: CXX_FEATURE:1cxx_constexpr
    Feature record: CXX_FEATURE:1cxx_contextual_conversions
    Feature record: CXX_FEATURE:1cxx_decltype
    Feature record: CXX_FEATURE:1cxx_decltype_auto
    Feature record: CXX_FEATURE:1cxx_decltype_incomplete_return_types
    Feature record: CXX_FEATURE:1cxx_default_function_template_args
    Feature record: CXX_FEATURE:1cxx_defaulted_functions
    Feature record: CXX_FEATURE:1cxx_defaulted_move_initializers
    Feature record: CXX_FEATURE:1cxx_delegating_constructors
    Feature record: CXX_FEATURE:1cxx_deleted_functions
    Feature record: CXX_FEATURE:1cxx_digit_separators
    Feature record: CXX_FEATURE:1cxx_enum_forward_declarations
    Feature record: CXX_FEATURE:1cxx_explicit_conversions
    Feature record: CXX_FEATURE:1cxx_extended_friend_declarations
    Feature record: CXX_FEATURE:1cxx_extern_templates
    Feature record: CXX_FEATURE:1cxx_final
    Feature record: CXX_FEATURE:1cxx_func_identifier
    Feature record: CXX_FEATURE:1cxx_generalized_initializers
    Feature record: CXX_FEATURE:1cxx_generic_lambdas
    Feature record: CXX_FEATURE:1cxx_inheriting_constructors
    Feature record: CXX_FEATURE:1cxx_inline_namespaces
    Feature record: CXX_FEATURE:1cxx_lambdas
    Feature record: CXX_FEATURE:1cxx_lambda_init_captures
    Feature record: CXX_FEATURE:1cxx_local_type_template_args
    Feature record: CXX_FEATURE:1cxx_long_long_type
    Feature record: CXX_FEATURE:1cxx_noexcept
    Feature record: CXX_FEATURE:1cxx_nonstatic_member_init
    Feature record: CXX_FEATURE:1cxx_nullptr
    Feature record: CXX_FEATURE:1cxx_override
    Feature record: CXX_FEATURE:1cxx_range_for
    Feature record: CXX_FEATURE:1cxx_raw_string_literals
    Feature record: CXX_FEATURE:1cxx_reference_qualified_functions
    Feature record: CXX_FEATURE:1cxx_relaxed_constexpr
    Feature record: CXX_FEATURE:1cxx_return_type_deduction
    Feature record: CXX_FEATURE:1cxx_right_angle_brackets
    Feature record: CXX_FEATURE:1cxx_rvalue_references
    Feature record: CXX_FEATURE:1cxx_sizeof_member
    Feature record: CXX_FEATURE:1cxx_static_assert
    Feature record: CXX_FEATURE:1cxx_strong_enums
    Feature record: CXX_FEATURE:1cxx_template_template_parameters
    Feature record: CXX_FEATURE:1cxx_thread_local
    Feature record: CXX_FEATURE:1cxx_trailing_return_types
    Feature record: CXX_FEATURE:1cxx_unicode_literals
    Feature record: CXX_FEATURE:1cxx_uniform_initialization
    Feature record: CXX_FEATURE:1cxx_unrestricted_unions
    Feature record: CXX_FEATURE:1cxx_user_literals
    Feature record: CXX_FEATURE:1cxx_variable_templates
    Feature record: CXX_FEATURE:1cxx_variadic_macros
    Feature record: CXX_FEATURE:1cxx_variadic_templates


Detecting CXX [-std=c++14] compiler features compiled with the following output:
Change Dir: /home/michail/Desktop/PHD_INSIGNEO/PHD/case_study/scedule_work/feasibility_of_project/SEGMENTATION_PIPELINE/CODE/RicianMM/build/KWStyle-build/CMakeFiles/CMakeTmp

Run Build Command:"/usr/bin/make" "cmTC_3fdec/fast"
make[3]: Entering directory '/home/michail/Desktop/PHD_INSIGNEO/PHD/case_study/scedule_work/feasibility_of_project/SEGMENTATION_PIPELINE/CODE/RicianMM/build/KWStyle-build/CMakeFiles/CMakeTmp'
/usr/bin/make -f CMakeFiles/cmTC_3fdec.dir/build.make CMakeFiles/cmTC_3fdec.dir/build
make[4]: Entering directory '/home/michail/Desktop/PHD_INSIGNEO/PHD/case_study/scedule_work/feasibility_of_project/SEGMENTATION_PIPELINE/CODE/RicianMM/build/KWStyle-build/CMakeFiles/CMakeTmp'
Building CXX object CMakeFiles/cmTC_3fdec.dir/feature_tests.cxx.o
/usr/bin/c++    -msse2  -msse2    -std=c++14 -o CMakeFiles/cmTC_3fdec.dir/feature_tests.cxx.o -c /home/michail/Desktop/PHD_INSIGNEO/PHD/case_study/scedule_work/feasibility_of_project/SEGMENTATION_PIPELINE/CODE/RicianMM/build/KWStyle-build/CMakeFiles/feature_tests.cxx
Linking CXX executable cmTC_3fdec
/usr/local/bin/cmake -E cmake_link_script CMakeFiles/cmTC_3fdec.dir/link.txt --verbose=1
/usr/bin/c++    -msse2  -msse2     -rdynamic CMakeFiles/cmTC_3fdec.dir/feature_tests.cxx.o  -o cmTC_3fdec 
make[4]: Leaving directory '/home/michail/Desktop/PHD_INSIGNEO/PHD/case_study/scedule_work/feasibility_of_project/SEGMENTATION_PIPELINE/CODE/RicianMM/build/KWStyle-build/CMakeFiles/CMakeTmp'
make[3]: Leaving directory '/home/michail/Desktop/PHD_INSIGNEO/PHD/case_study/scedule_work/feasibility_of_project/SEGMENTATION_PIPELINE/CODE/RicianMM/build/KWStyle-build/CMakeFiles/CMakeTmp'


    Feature record: CXX_FEATURE:1cxx_aggregate_default_initializers
    Feature record: CXX_FEATURE:1cxx_alias_templates
    Feature record: CXX_FEATURE:1cxx_alignas
    Feature record: CXX_FEATURE:1cxx_alignof
    Feature record: CXX_FEATURE:1cxx_attributes
    Feature record: CXX_FEATURE:1cxx_attribute_deprecated
    Feature record: CXX_FEATURE:1cxx_auto_type
    Feature record: CXX_FEATURE:1cxx_binary_literals
    Feature record: CXX_FEATURE:1cxx_constexpr
    Feature record: CXX_FEATURE:1cxx_contextual_conversions
    Feature record: CXX_FEATURE:1cxx_decltype
    Feature record: CXX_FEATURE:1cxx_decltype_auto
    Feature record: CXX_FEATURE:1cxx_decltype_incomplete_return_types
    Feature record: CXX_FEATURE:1cxx_default_function_template_args
    Feature record: CXX_FEATURE:1cxx_defaulted_functions
    Feature record: CXX_FEATURE:1cxx_defaulted_move_initializers
    Feature record: CXX_FEATURE:1cxx_delegating_constructors
    Feature record: CXX_FEATURE:1cxx_deleted_functions
    Feature record: CXX_FEATURE:1cxx_digit_separators
    Feature record: CXX_FEATURE:1cxx_enum_forward_declarations
    Feature record: CXX_FEATURE:1cxx_explicit_conversions
    Feature record: CXX_FEATURE:1cxx_extended_friend_declarations
    Feature record: CXX_FEATURE:1cxx_extern_templates
    Feature record: CXX_FEATURE:1cxx_final
    Feature record: CXX_FEATURE:1cxx_func_identifier
    Feature record: CXX_FEATURE:1cxx_generalized_initializers
    Feature record: CXX_FEATURE:1cxx_generic_lambdas
    Feature record: CXX_FEATURE:1cxx_inheriting_constructors
    Feature record: CXX_FEATURE:1cxx_inline_namespaces
    Feature record: CXX_FEATURE:1cxx_lambdas
    Feature record: CXX_FEATURE:1cxx_lambda_init_captures
    Feature record: CXX_FEATURE:1cxx_local_type_template_args
    Feature record: CXX_FEATURE:1cxx_long_long_type
    Feature record: CXX_FEATURE:1cxx_noexcept
    Feature record: CXX_FEATURE:1cxx_nonstatic_member_init
    Feature record: CXX_FEATURE:1cxx_nullptr
    Feature record: CXX_FEATURE:1cxx_override
    Feature record: CXX_FEATURE:1cxx_range_for
    Feature record: CXX_FEATURE:1cxx_raw_string_literals
    Feature record: CXX_FEATURE:1cxx_reference_qualified_functions
    Feature record: CXX_FEATURE:1cxx_relaxed_constexpr
    Feature record: CXX_FEATURE:1cxx_return_type_deduction
    Feature record: CXX_FEATURE:1cxx_right_angle_brackets
    Feature record: CXX_FEATURE:1cxx_rvalue_references
    Feature record: CXX_FEATURE:1cxx_sizeof_member
    Feature record: CXX_FEATURE:1cxx_static_assert
    Feature record: CXX_FEATURE:1cxx_strong_enums
    Feature record: CXX_FEATURE:1cxx_template_template_parameters
    Feature record: CXX_FEATURE:1cxx_thread_local
    Feature record: CXX_FEATURE:1cxx_trailing_return_types
    Feature record: CXX_FEATURE:1cxx_unicode_literals
    Feature record: CXX_FEATURE:1cxx_uniform_initialization
    Feature record: CXX_FEATURE:1cxx_unrestricted_unions
    Feature record: CXX_FEATURE:1cxx_user_literals
    Feature record: CXX_FEATURE:1cxx_variable_templates
    Feature record: CXX_FEATURE:1cxx_variadic_macros
    Feature record: CXX_FEATURE:1cxx_variadic_templates


Detecting CXX [-std=c++11] compiler features compiled with the following output:
Change Dir: /home/michail/Desktop/PHD_INSIGNEO/PHD/case_study/scedule_work/feasibility_of_project/SEGMENTATION_PIPELINE/CODE/RicianMM/build/KWStyle-build/CMakeFiles/CMakeTmp

Run Build Command:"/usr/bin/make" "cmTC_148fa/fast"
make[3]: Entering directory '/home/michail/Desktop/PHD_INSIGNEO/PHD/case_study/scedule_work/feasibility_of_project/SEGMENTATION_PIPELINE/CODE/RicianMM/build/KWStyle-build/CMakeFiles/CMakeTmp'
/usr/bin/make -f CMakeFiles/cmTC_148fa.dir/build.make CMakeFiles/cmTC_148fa.dir/build
make[4]: Entering directory '/home/michail/Desktop/PHD_INSIGNEO/PHD/case_study/scedule_work/feasibility_of_project/SEGMENTATION_PIPELINE/CODE/RicianMM/build/KWStyle-build/CMakeFiles/CMakeTmp'
Building CXX object CMakeFiles/cmTC_148fa.dir/feature_tests.cxx.o
/usr/bin/c++    -msse2  -msse2    -std=c++11 -o CMakeFiles/cmTC_148fa.dir/feature_tests.cxx.o -c /home/michail/Desktop/PHD_INSIGNEO/PHD/case_study/scedule_work/feasibility_of_project/SEGMENTATION_PIPELINE/CODE/RicianMM/build/KWStyle-build/CMakeFiles/feature_tests.cxx
Linking CXX executable cmTC_148fa
/usr/local/bin/cmake -E cmake_link_script CMakeFiles/cmTC_148fa.dir/link.txt --verbose=1
/usr/bin/c++    -msse2  -msse2     -rdynamic CMakeFiles/cmTC_148fa.dir/feature_tests.cxx.o  -o cmTC_148fa 
make[4]: Leaving directory '/home/michail/Desktop/PHD_INSIGNEO/PHD/case_study/scedule_work/feasibility_of_project/SEGMENTATION_PIPELINE/CODE/RicianMM/build/KWStyle-build/CMakeFiles/CMakeTmp'
make[3]: Leaving directory '/home/michail/Desktop/PHD_INSIGNEO/PHD/case_study/scedule_work/feasibility_of_project/SEGMENTATION_PIPELINE/CODE/RicianMM/build/KWStyle-build/CMakeFiles/CMakeTmp'


    Feature record: CXX_FEATURE:0cxx_aggregate_default_initializers
    Feature record: CXX_FEATURE:1cxx_alias_templates
    Feature record: CXX_FEATURE:1cxx_alignas
    Feature record: CXX_FEATURE:1cxx_alignof
    Feature record: CXX_FEATURE:1cxx_attributes
    Feature record: CXX_FEATURE:0cxx_attribute_deprecated
    Feature record: CXX_FEATURE:1cxx_auto_type
    Feature record: CXX_FEATURE:0cxx_binary_literals
    Feature record: CXX_FEATURE:1cxx_constexpr
    Feature record: CXX_FEATURE:0cxx_contextual_conversions
    Feature record: CXX_FEATURE:1cxx_decltype
    Feature record: CXX_FEATURE:0cxx_decltype_auto
    Feature record: CXX_FEATURE:1cxx_decltype_incomplete_return_types
    Feature record: CXX_FEATURE:1cxx_default_function_template_args
    Feature record: CXX_FEATURE:1cxx_defaulted_functions
    Feature record: CXX_FEATURE:1cxx_defaulted_move_initializers
    Feature record: CXX_FEATURE:1cxx_delegating_constructors
    Feature record: CXX_FEATURE:1cxx_deleted_functions
    Feature record: CXX_FEATURE:0cxx_digit_separators
    Feature record: CXX_FEATURE:1cxx_enum_forward_declarations
    Feature record: CXX_FEATURE:1cxx_explicit_conversions
    Feature record: CXX_FEATURE:1cxx_extended_friend_declarations
    Feature record: CXX_FEATURE:1cxx_extern_templates
    Feature record: CXX_FEATURE:1cxx_final
    Feature record: CXX_FEATURE:1cxx_func_identifier
    Feature record: CXX_FEATURE:1cxx_generalized_initializers
    Feature record: CXX_FEATURE:0cxx_generic_lambdas
    Feature record: CXX_FEATURE:1cxx_inheriting_constructors
    Feature record: CXX_FEATURE:1cxx_inline_namespaces
    Feature record: CXX_FEATURE:1cxx_lambdas
    Feature record: CXX_FEATURE:0cxx_lambda_init_captures
    Feature record: CXX_FEATURE:1cxx_local_type_template_args
    Feature record: CXX_FEATURE:1cxx_long_long_type
    Feature record: CXX_FEATURE:1cxx_noexcept
    Feature record: CXX_FEATURE:1cxx_nonstatic_member_init
    Feature record: CXX_FEATURE:1cxx_nullptr
    Feature record: CXX_FEATURE:1cxx_override
    Feature record: CXX_FEATURE:1cxx_range_for
    Feature record: CXX_FEATURE:1cxx_raw_string_literals
    Feature record: CXX_FEATURE:1cxx_reference_qualified_functions
    Feature record: CXX_FEATURE:0cxx_relaxed_constexpr
    Feature record: CXX_FEATURE:0cxx_return_type_deduction
    Feature record: CXX_FEATURE:1cxx_right_angle_brackets
    Feature record: CXX_FEATURE:1cxx_rvalue_references
    Feature record: CXX_FEATURE:1cxx_sizeof_member
    Feature record: CXX_FEATURE:1cxx_static_assert
    Feature record: CXX_FEATURE:1cxx_strong_enums
    Feature record: CXX_FEATURE:1cxx_template_template_parameters
    Feature record: CXX_FEATURE:1cxx_thread_local
    Feature record: CXX_FEATURE:1cxx_trailing_return_types
    Feature record: CXX_FEATURE:1cxx_unicode_literals
    Feature record: CXX_FEATURE:1cxx_uniform_initialization
    Feature record: CXX_FEATURE:1cxx_unrestricted_unions
    Feature record: CXX_FEATURE:1cxx_user_literals
    Feature record: CXX_FEATURE:0cxx_variable_templates
    Feature record: CXX_FEATURE:1cxx_variadic_macros
    Feature record: CXX_FEATURE:1cxx_variadic_templates


Detecting CXX [-std=c++98] compiler features compiled with the following output:
Change Dir: /home/michail/Desktop/PHD_INSIGNEO/PHD/case_study/scedule_work/feasibility_of_project/SEGMENTATION_PIPELINE/CODE/RicianMM/build/KWStyle-build/CMakeFiles/CMakeTmp

Run Build Command:"/usr/bin/make" "cmTC_00055/fast"
make[3]: Entering directory '/home/michail/Desktop/PHD_INSIGNEO/PHD/case_study/scedule_work/feasibility_of_project/SEGMENTATION_PIPELINE/CODE/RicianMM/build/KWStyle-build/CMakeFiles/CMakeTmp'
/usr/bin/make -f CMakeFiles/cmTC_00055.dir/build.make CMakeFiles/cmTC_00055.dir/build
make[4]: Entering directory '/home/michail/Desktop/PHD_INSIGNEO/PHD/case_study/scedule_work/feasibility_of_project/SEGMENTATION_PIPELINE/CODE/RicianMM/build/KWStyle-build/CMakeFiles/CMakeTmp'
Building CXX object CMakeFiles/cmTC_00055.dir/feature_tests.cxx.o
/usr/bin/c++    -msse2  -msse2    -std=c++98 -o CMakeFiles/cmTC_00055.dir/feature_tests.cxx.o -c /home/michail/Desktop/PHD_INSIGNEO/PHD/case_study/scedule_work/feasibility_of_project/SEGMENTATION_PIPELINE/CODE/RicianMM/build/KWStyle-build/CMakeFiles/feature_tests.cxx
Linking CXX executable cmTC_00055
/usr/local/bin/cmake -E cmake_link_script CMakeFiles/cmTC_00055.dir/link.txt --verbose=1
/usr/bin/c++    -msse2  -msse2     -rdynamic CMakeFiles/cmTC_00055.dir/feature_tests.cxx.o  -o cmTC_00055 
make[4]: Leaving directory '/home/michail/Desktop/PHD_INSIGNEO/PHD/case_study/scedule_work/feasibility_of_project/SEGMENTATION_PIPELINE/CODE/RicianMM/build/KWStyle-build/CMakeFiles/CMakeTmp'
make[3]: Leaving directory '/home/michail/Desktop/PHD_INSIGNEO/PHD/case_study/scedule_work/feasibility_of_project/SEGMENTATION_PIPELINE/CODE/RicianMM/build/KWStyle-build/CMakeFiles/CMakeTmp'


    Feature record: CXX_FEATURE:0cxx_aggregate_default_initializers
    Feature record: CXX_FEATURE:0cxx_alias_templates
    Feature record: CXX_FEATURE:0cxx_alignas
    Feature record: CXX_FEATURE:0cxx_alignof
    Feature record: CXX_FEATURE:0cxx_attributes
    Feature record: CXX_FEATURE:0cxx_attribute_deprecated
    Feature record: CXX_FEATURE:0cxx_auto_type
    Feature record: CXX_FEATURE:0cxx_binary_literals
    Feature record: CXX_FEATURE:0cxx_constexpr
    Feature record: CXX_FEATURE:0cxx_contextual_conversions
    Feature record: CXX_FEATURE:0cxx_decltype
    Feature record: CXX_FEATURE:0cxx_decltype_auto
    Feature record: CXX_FEATURE:0cxx_decltype_incomplete_return_types
    Feature record: CXX_FEATURE:0cxx_default_function_template_args
    Feature record: CXX_FEATURE:0cxx_defaulted_functions
    Feature record: CXX_FEATURE:0cxx_defaulted_move_initializers
    Feature record: CXX_FEATURE:0cxx_delegating_constructors
    Feature record: CXX_FEATURE:0cxx_deleted_functions
    Feature record: CXX_FEATURE:0cxx_digit_separators
    Feature record: CXX_FEATURE:0cxx_enum_forward_declarations
    Feature record: CXX_FEATURE:0cxx_explicit_conversions
    Feature record: CXX_FEATURE:0cxx_extended_friend_declarations
    Feature record: CXX_FEATURE:0cxx_extern_templates
    Feature record: CXX_FEATURE:0cxx_final
    Feature record: CXX_FEATURE:0cxx_func_identifier
    Feature record: CXX_FEATURE:0cxx_generalized_initializers
    Feature record: CXX_FEATURE:0cxx_generic_lambdas
    Feature record: CXX_FEATURE:0cxx_inheriting_constructors
    Feature record: CXX_FEATURE:0cxx_inline_namespaces
    Feature record: CXX_FEATURE:0cxx_lambdas
    Feature record: CXX_FEATURE:0cxx_lambda_init_captures
    Feature record: CXX_FEATURE:0cxx_local_type_template_args
    Feature record: CXX_FEATURE:0cxx_long_long_type
    Feature record: CXX_FEATURE:0cxx_noexcept
    Feature record: CXX_FEATURE:0cxx_nonstatic_member_init
    Feature record: CXX_FEATURE:0cxx_nullptr
    Feature record: CXX_FEATURE:0cxx_override
    Feature record: CXX_FEATURE:0cxx_range_for
    Feature record: CXX_FEATURE:0cxx_raw_string_literals
    Feature record: CXX_FEATURE:0cxx_reference_qualified_functions
    Feature record: CXX_FEATURE:0cxx_relaxed_constexpr
    Feature record: CXX_FEATURE:0cxx_return_type_deduction
    Feature record: CXX_FEATURE:0cxx_right_angle_brackets
    Feature record: CXX_FEATURE:0cxx_rvalue_references
    Feature record: CXX_FEATURE:0cxx_sizeof_member
    Feature record: CXX_FEATURE:0cxx_static_assert
    Feature record: CXX_FEATURE:0cxx_strong_enums
    Feature record: CXX_FEATURE:1cxx_template_template_parameters
    Feature record: CXX_FEATURE:0cxx_thread_local
    Feature record: CXX_FEATURE:0cxx_trailing_return_types
    Feature record: CXX_FEATURE:0cxx_unicode_literals
    Feature record: CXX_FEATURE:0cxx_uniform_initialization
    Feature record: CXX_FEATURE:0cxx_unrestricted_unions
    Feature record: CXX_FEATURE:0cxx_user_literals
    Feature record: CXX_FEATURE:0cxx_variable_templates
    Feature record: CXX_FEATURE:0cxx_variadic_macros
    Feature record: CXX_FEATURE:0cxx_variadic_templates
Checking whether header cstdio is available compiled with the following output:
Change Dir: /home/michail/Desktop/PHD_INSIGNEO/PHD/case_study/scedule_work/feasibility_of_project/SEGMENTATION_PIPELINE/CODE/RicianMM/build/KWStyle-build/Utilities/KWSys/CMakeFiles/CMakeTmp

Run Build Command:"/usr/bin/make" "cmTC_801f7/fast"
make[3]: Entering directory '/home/michail/Desktop/PHD_INSIGNEO/PHD/case_study/scedule_work/feasibility_of_project/SEGMENTATION_PIPELINE/CODE/RicianMM/build/KWStyle-build/Utilities/KWSys/CMakeFiles/CMakeTmp'
/usr/bin/make -f CMakeFiles/cmTC_801f7.dir/build.make CMakeFiles/cmTC_801f7.dir/build
make[4]: Entering directory '/home/michail/Desktop/PHD_INSIGNEO/PHD/case_study/scedule_work/feasibility_of_project/SEGMENTATION_PIPELINE/CODE/RicianMM/build/KWStyle-build/Utilities/KWSys/CMakeFiles/CMakeTmp'
Building CXX object CMakeFiles/cmTC_801f7.dir/kwsysPlatformTestsCXX.cxx.o
/usr/bin/c++  -DTEST_KWSYS_CXX_HAS_CSTDIO  -msse2  -msse2    -o CMakeFiles/cmTC_801f7.dir/kwsysPlatformTestsCXX.cxx.o -c /home/michail/Desktop/PHD_INSIGNEO/PHD/case_study/scedule_work/feasibility_of_project/SEGMENTATION_PIPELINE/CODE/RicianMM/build/KWStyle/Utilities/KWSys/kwsysPlatformTestsCXX.cxx
Linking CXX executable cmTC_801f7
/usr/local/bin/cmake -E cmake_link_script CMakeFiles/cmTC_801f7.dir/link.txt --verbose=1
/usr/bin/c++    -msse2  -msse2     -rdynamic CMakeFiles/cmTC_801f7.dir/kwsysPlatformTestsCXX.cxx.o  -o cmTC_801f7 
make[4]: Leaving directory '/home/michail/Desktop/PHD_INSIGNEO/PHD/case_study/scedule_work/feasibility_of_project/SEGMENTATION_PIPELINE/CODE/RicianMM/build/KWStyle-build/Utilities/KWSys/CMakeFiles/CMakeTmp'
make[3]: Leaving directory '/home/michail/Desktop/PHD_INSIGNEO/PHD/case_study/scedule_work/feasibility_of_project/SEGMENTATION_PIPELINE/CODE/RicianMM/build/KWStyle-build/Utilities/KWSys/CMakeFiles/CMakeTmp'


Checking for Large File Support compiled and ran with the following output:
Change Dir: /home/michail/Desktop/PHD_INSIGNEO/PHD/case_study/scedule_work/feasibility_of_project/SEGMENTATION_PIPELINE/CODE/RicianMM/build/KWStyle-build/Utilities/KWSys/CMakeFiles/CMakeTmp

Run Build Command:"/usr/bin/make" "cmTC_3d119/fast"
make[3]: Entering directory '/home/michail/Desktop/PHD_INSIGNEO/PHD/case_study/scedule_work/feasibility_of_project/SEGMENTATION_PIPELINE/CODE/RicianMM/build/KWStyle-build/Utilities/KWSys/CMakeFiles/CMakeTmp'
/usr/bin/make -f CMakeFiles/cmTC_3d119.dir/build.make CMakeFiles/cmTC_3d119.dir/build
make[4]: Entering directory '/home/michail/Desktop/PHD_INSIGNEO/PHD/case_study/scedule_work/feasibility_of_project/SEGMENTATION_PIPELINE/CODE/RicianMM/build/KWStyle-build/Utilities/KWSys/CMakeFiles/CMakeTmp'
Building CXX object CMakeFiles/cmTC_3d119.dir/kwsysPlatformTestsCXX.cxx.o
/usr/bin/c++  -DKWSYS_CXX_HAS_CSTDIO=1 -DTEST_KWSYS_LFS_WORKS  -msse2  -msse2    -o CMakeFiles/cmTC_3d119.dir/kwsysPlatformTestsCXX.cxx.o -c /home/michail/Desktop/PHD_INSIGNEO/PHD/case_study/scedule_work/feasibility_of_project/SEGMENTATION_PIPELINE/CODE/RicianMM/build/KWStyle/Utilities/KWSys/kwsysPlatformTestsCXX.cxx
Linking CXX executable cmTC_3d119
/usr/local/bin/cmake -E cmake_link_script CMakeFiles/cmTC_3d119.dir/link.txt --verbose=1
/usr/bin/c++    -msse2  -msse2     -rdynamic CMakeFiles/cmTC_3d119.dir/kwsysPlatformTestsCXX.cxx.o  -o cmTC_3d119 
make[4]: Leaving directory '/home/michail/Desktop/PHD_INSIGNEO/PHD/case_study/scedule_work/feasibility_of_project/SEGMENTATION_PIPELINE/CODE/RicianMM/build/KWStyle-build/Utilities/KWSys/CMakeFiles/CMakeTmp'
make[3]: Leaving directory '/home/michail/Desktop/PHD_INSIGNEO/PHD/case_study/scedule_work/feasibility_of_project/SEGMENTATION_PIPELINE/CODE/RicianMM/build/KWStyle-build/Utilities/KWSys/CMakeFiles/CMakeTmp'


Checking whether C++ compiler has 'long long' compiled with the following output:
Change Dir: /home/michail/Desktop/PHD_INSIGNEO/PHD/case_study/scedule_work/feasibility_of_project/SEGMENTATION_PIPELINE/CODE/RicianMM/build/KWStyle-build/Utilities/KWSys/CMakeFiles/CMakeTmp

Run Build Command:"/usr/bin/make" "cmTC_f624d/fast"
make[3]: Entering directory '/home/michail/Desktop/PHD_INSIGNEO/PHD/case_study/scedule_work/feasibility_of_project/SEGMENTATION_PIPELINE/CODE/RicianMM/build/KWStyle-build/Utilities/KWSys/CMakeFiles/CMakeTmp'
/usr/bin/make -f CMakeFiles/cmTC_f624d.dir/build.make CMakeFiles/cmTC_f624d.dir/build
make[4]: Entering directory '/home/michail/Desktop/PHD_INSIGNEO/PHD/case_study/scedule_work/feasibility_of_project/SEGMENTATION_PIPELINE/CODE/RicianMM/build/KWStyle-build/Utilities/KWSys/CMakeFiles/CMakeTmp'
Building CXX object CMakeFiles/cmTC_f624d.dir/kwsysPlatformTestsCXX.cxx.o
/usr/bin/c++  -DTEST_KWSYS_CXX_HAS_LONG_LONG  -msse2  -msse2    -o CMakeFiles/cmTC_f624d.dir/kwsysPlatformTestsCXX.cxx.o -c /home/michail/Desktop/PHD_INSIGNEO/PHD/case_study/scedule_work/feasibility_of_project/SEGMENTATION_PIPELINE/CODE/RicianMM/build/KWStyle/Utilities/KWSys/kwsysPlatformTestsCXX.cxx
Linking CXX executable cmTC_f624d
/usr/local/bin/cmake -E cmake_link_script CMakeFiles/cmTC_f624d.dir/link.txt --verbose=1
/usr/bin/c++    -msse2  -msse2     -rdynamic CMakeFiles/cmTC_f624d.dir/kwsysPlatformTestsCXX.cxx.o  -o cmTC_f624d 
make[4]: Leaving directory '/home/michail/Desktop/PHD_INSIGNEO/PHD/case_study/scedule_work/feasibility_of_project/SEGMENTATION_PIPELINE/CODE/RicianMM/build/KWStyle-build/Utilities/KWSys/CMakeFiles/CMakeTmp'
make[3]: Leaving directory '/home/michail/Desktop/PHD_INSIGNEO/PHD/case_study/scedule_work/feasibility_of_project/SEGMENTATION_PIPELINE/CODE/RicianMM/build/KWStyle-build/Utilities/KWSys/CMakeFiles/CMakeTmp'


Checking whether wstring is available compiled with the following output:
Change Dir: /home/michail/Desktop/PHD_INSIGNEO/PHD/case_study/scedule_work/feasibility_of_project/SEGMENTATION_PIPELINE/CODE/RicianMM/build/KWStyle-build/Utilities/KWSys/CMakeFiles/CMakeTmp

Run Build Command:"/usr/bin/make" "cmTC_c6c84/fast"
make[3]: Entering directory '/home/michail/Desktop/PHD_INSIGNEO/PHD/case_study/scedule_work/feasibility_of_project/SEGMENTATION_PIPELINE/CODE/RicianMM/build/KWStyle-build/Utilities/KWSys/CMakeFiles/CMakeTmp'
/usr/bin/make -f CMakeFiles/cmTC_c6c84.dir/build.make CMakeFiles/cmTC_c6c84.dir/build
make[4]: Entering directory '/home/michail/Desktop/PHD_INSIGNEO/PHD/case_study/scedule_work/feasibility_of_project/SEGMENTATION_PIPELINE/CODE/RicianMM/build/KWStyle-build/Utilities/KWSys/CMakeFiles/CMakeTmp'
Building CXX object CMakeFiles/cmTC_c6c84.dir/kwsysPlatformTestsCXX.cxx.o
/usr/bin/c++  -DTEST_KWSYS_STL_HAS_WSTRING  -msse2  -msse2    -o CMakeFiles/cmTC_c6c84.dir/kwsysPlatformTestsCXX.cxx.o -c /home/michail/Desktop/PHD_INSIGNEO/PHD/case_study/scedule_work/feasibility_of_project/SEGMENTATION_PIPELINE/CODE/RicianMM/build/KWStyle/Utilities/KWSys/kwsysPlatformTestsCXX.cxx
Linking CXX executable cmTC_c6c84
/usr/local/bin/cmake -E cmake_link_script CMakeFiles/cmTC_c6c84.dir/link.txt --verbose=1
/usr/bin/c++    -msse2  -msse2     -rdynamic CMakeFiles/cmTC_c6c84.dir/kwsysPlatformTestsCXX.cxx.o  -o cmTC_c6c84 
make[4]: Leaving directory '/home/michail/Desktop/PHD_INSIGNEO/PHD/case_study/scedule_work/feasibility_of_project/SEGMENTATION_PIPELINE/CODE/RicianMM/build/KWStyle-build/Utilities/KWSys/CMakeFiles/CMakeTmp'
make[3]: Leaving directory '/home/michail/Desktop/PHD_INSIGNEO/PHD/case_study/scedule_work/feasibility_of_project/SEGMENTATION_PIPELINE/CODE/RicianMM/build/KWStyle-build/Utilities/KWSys/CMakeFiles/CMakeTmp'


Checking whether C compiler has ptrdiff_t in stddef.h compiled with the following output:
Change Dir: /home/michail/Desktop/PHD_INSIGNEO/PHD/case_study/scedule_work/feasibility_of_project/SEGMENTATION_PIPELINE/CODE/RicianMM/build/KWStyle-build/Utilities/KWSys/CMakeFiles/CMakeTmp

Run Build Command:"/usr/bin/make" "cmTC_a13ea/fast"
make[3]: Entering directory '/home/michail/Desktop/PHD_INSIGNEO/PHD/case_study/scedule_work/feasibility_of_project/SEGMENTATION_PIPELINE/CODE/RicianMM/build/KWStyle-build/Utilities/KWSys/CMakeFiles/CMakeTmp'
/usr/bin/make -f CMakeFiles/cmTC_a13ea.dir/build.make CMakeFiles/cmTC_a13ea.dir/build
make[4]: Entering directory '/home/michail/Desktop/PHD_INSIGNEO/PHD/case_study/scedule_work/feasibility_of_project/SEGMENTATION_PIPELINE/CODE/RicianMM/build/KWStyle-build/Utilities/KWSys/CMakeFiles/CMakeTmp'
Building C object CMakeFiles/cmTC_a13ea.dir/kwsysPlatformTestsC.c.o
/usr/bin/cc -DTEST_KWSYS_C_HAS_PTRDIFF_T   -o CMakeFiles/cmTC_a13ea.dir/kwsysPlatformTestsC.c.o   -c /home/michail/Desktop/PHD_INSIGNEO/PHD/case_study/scedule_work/feasibility_of_project/SEGMENTATION_PIPELINE/CODE/RicianMM/build/KWStyle/Utilities/KWSys/kwsysPlatformTestsC.c
Linking C executable cmTC_a13ea
/usr/local/bin/cmake -E cmake_link_script CMakeFiles/cmTC_a13ea.dir/link.txt --verbose=1
/usr/bin/cc        -rdynamic CMakeFiles/cmTC_a13ea.dir/kwsysPlatformTestsC.c.o  -o cmTC_a13ea 
make[4]: Leaving directory '/home/michail/Desktop/PHD_INSIGNEO/PHD/case_study/scedule_work/feasibility_of_project/SEGMENTATION_PIPELINE/CODE/RicianMM/build/KWStyle-build/Utilities/KWSys/CMakeFiles/CMakeTmp'
make[3]: Leaving directory '/home/michail/Desktop/PHD_INSIGNEO/PHD/case_study/scedule_work/feasibility_of_project/SEGMENTATION_PIPELINE/CODE/RicianMM/build/KWStyle-build/Utilities/KWSys/CMakeFiles/CMakeTmp'


Checking whether C compiler has ssize_t in unistd.h compiled with the following output:
Change Dir: /home/michail/Desktop/PHD_INSIGNEO/PHD/case_study/scedule_work/feasibility_of_project/SEGMENTATION_PIPELINE/CODE/RicianMM/build/KWStyle-build/Utilities/KWSys/CMakeFiles/CMakeTmp

Run Build Command:"/usr/bin/make" "cmTC_ecd56/fast"
make[3]: Entering directory '/home/michail/Desktop/PHD_INSIGNEO/PHD/case_study/scedule_work/feasibility_of_project/SEGMENTATION_PIPELINE/CODE/RicianMM/build/KWStyle-build/Utilities/KWSys/CMakeFiles/CMakeTmp'
/usr/bin/make -f CMakeFiles/cmTC_ecd56.dir/build.make CMakeFiles/cmTC_ecd56.dir/build
make[4]: Entering directory '/home/michail/Desktop/PHD_INSIGNEO/PHD/case_study/scedule_work/feasibility_of_project/SEGMENTATION_PIPELINE/CODE/RicianMM/build/KWStyle-build/Utilities/KWSys/CMakeFiles/CMakeTmp'
Building C object CMakeFiles/cmTC_ecd56.dir/kwsysPlatformTestsC.c.o
/usr/bin/cc -DTEST_KWSYS_C_HAS_SSIZE_T   -o CMakeFiles/cmTC_ecd56.dir/kwsysPlatformTestsC.c.o   -c /home/michail/Desktop/PHD_INSIGNEO/PHD/case_study/scedule_work/feasibility_of_project/SEGMENTATION_PIPELINE/CODE/RicianMM/build/KWStyle/Utilities/KWSys/kwsysPlatformTestsC.c
Linking C executable cmTC_ecd56
/usr/local/bin/cmake -E cmake_link_script CMakeFiles/cmTC_ecd56.dir/link.txt --verbose=1
/usr/bin/cc        -rdynamic CMakeFiles/cmTC_ecd56.dir/kwsysPlatformTestsC.c.o  -o cmTC_ecd56 
make[4]: Leaving directory '/home/michail/Desktop/PHD_INSIGNEO/PHD/case_study/scedule_work/feasibility_of_project/SEGMENTATION_PIPELINE/CODE/RicianMM/build/KWStyle-build/Utilities/KWSys/CMakeFiles/CMakeTmp'
make[3]: Leaving directory '/home/michail/Desktop/PHD_INSIGNEO/PHD/case_study/scedule_work/feasibility_of_project/SEGMENTATION_PIPELINE/CODE/RicianMM/build/KWStyle-build/Utilities/KWSys/CMakeFiles/CMakeTmp'


Checking whether CXX compiler has setenv compiled with the following output:
Change Dir: /home/michail/Desktop/PHD_INSIGNEO/PHD/case_study/scedule_work/feasibility_of_project/SEGMENTATION_PIPELINE/CODE/RicianMM/build/KWStyle-build/Utilities/KWSys/CMakeFiles/CMakeTmp

Run Build Command:"/usr/bin/make" "cmTC_6d3ea/fast"
make[3]: Entering directory '/home/michail/Desktop/PHD_INSIGNEO/PHD/case_study/scedule_work/feasibility_of_project/SEGMENTATION_PIPELINE/CODE/RicianMM/build/KWStyle-build/Utilities/KWSys/CMakeFiles/CMakeTmp'
/usr/bin/make -f CMakeFiles/cmTC_6d3ea.dir/build.make CMakeFiles/cmTC_6d3ea.dir/build
make[4]: Entering directory '/home/michail/Desktop/PHD_INSIGNEO/PHD/case_study/scedule_work/feasibility_of_project/SEGMENTATION_PIPELINE/CODE/RicianMM/build/KWStyle-build/Utilities/KWSys/CMakeFiles/CMakeTmp'
Building CXX object CMakeFiles/cmTC_6d3ea.dir/kwsysPlatformTestsCXX.cxx.o
/usr/bin/c++  -DTEST_KWSYS_CXX_HAS_SETENV  -msse2  -msse2    -o CMakeFiles/cmTC_6d3ea.dir/kwsysPlatformTestsCXX.cxx.o -c /home/michail/Desktop/PHD_INSIGNEO/PHD/case_study/scedule_work/feasibility_of_project/SEGMENTATION_PIPELINE/CODE/RicianMM/build/KWStyle/Utilities/KWSys/kwsysPlatformTestsCXX.cxx
Linking CXX executable cmTC_6d3ea
/usr/local/bin/cmake -E cmake_link_script CMakeFiles/cmTC_6d3ea.dir/link.txt --verbose=1
/usr/bin/c++    -msse2  -msse2     -rdynamic CMakeFiles/cmTC_6d3ea.dir/kwsysPlatformTestsCXX.cxx.o  -o cmTC_6d3ea 
make[4]: Leaving directory '/home/michail/Desktop/PHD_INSIGNEO/PHD/case_study/scedule_work/feasibility_of_project/SEGMENTATION_PIPELINE/CODE/RicianMM/build/KWStyle-build/Utilities/KWSys/CMakeFiles/CMakeTmp'
make[3]: Leaving directory '/home/michail/Desktop/PHD_INSIGNEO/PHD/case_study/scedule_work/feasibility_of_project/SEGMENTATION_PIPELINE/CODE/RicianMM/build/KWStyle-build/Utilities/KWSys/CMakeFiles/CMakeTmp'


Checking whether CXX compiler has unsetenv compiled with the following output:
Change Dir: /home/michail/Desktop/PHD_INSIGNEO/PHD/case_study/scedule_work/feasibility_of_project/SEGMENTATION_PIPELINE/CODE/RicianMM/build/KWStyle-build/Utilities/KWSys/CMakeFiles/CMakeTmp

Run Build Command:"/usr/bin/make" "cmTC_b3f6a/fast"
make[3]: Entering directory '/home/michail/Desktop/PHD_INSIGNEO/PHD/case_study/scedule_work/feasibility_of_project/SEGMENTATION_PIPELINE/CODE/RicianMM/build/KWStyle-build/Utilities/KWSys/CMakeFiles/CMakeTmp'
/usr/bin/make -f CMakeFiles/cmTC_b3f6a.dir/build.make CMakeFiles/cmTC_b3f6a.dir/build
make[4]: Entering directory '/home/michail/Desktop/PHD_INSIGNEO/PHD/case_study/scedule_work/feasibility_of_project/SEGMENTATION_PIPELINE/CODE/RicianMM/build/KWStyle-build/Utilities/KWSys/CMakeFiles/CMakeTmp'
Building CXX object CMakeFiles/cmTC_b3f6a.dir/kwsysPlatformTestsCXX.cxx.o
/usr/bin/c++  -DTEST_KWSYS_CXX_HAS_UNSETENV  -msse2  -msse2    -o CMakeFiles/cmTC_b3f6a.dir/kwsysPlatformTestsCXX.cxx.o -c /home/michail/Desktop/PHD_INSIGNEO/PHD/case_study/scedule_work/feasibility_of_project/SEGMENTATION_PIPELINE/CODE/RicianMM/build/KWStyle/Utilities/KWSys/kwsysPlatformTestsCXX.cxx
Linking CXX executable cmTC_b3f6a
/usr/local/bin/cmake -E cmake_link_script CMakeFiles/cmTC_b3f6a.dir/link.txt --verbose=1
/usr/bin/c++    -msse2  -msse2     -rdynamic CMakeFiles/cmTC_b3f6a.dir/kwsysPlatformTestsCXX.cxx.o  -o cmTC_b3f6a 
make[4]: Leaving directory '/home/michail/Desktop/PHD_INSIGNEO/PHD/case_study/scedule_work/feasibility_of_project/SEGMENTATION_PIPELINE/CODE/RicianMM/build/KWStyle-build/Utilities/KWSys/CMakeFiles/CMakeTmp'
make[3]: Leaving directory '/home/michail/Desktop/PHD_INSIGNEO/PHD/case_study/scedule_work/feasibility_of_project/SEGMENTATION_PIPELINE/CODE/RicianMM/build/KWStyle-build/Utilities/KWSys/CMakeFiles/CMakeTmp'


Checking whether CXX compiler has utimes compiled with the following output:
Change Dir: /home/michail/Desktop/PHD_INSIGNEO/PHD/case_study/scedule_work/feasibility_of_project/SEGMENTATION_PIPELINE/CODE/RicianMM/build/KWStyle-build/Utilities/KWSys/CMakeFiles/CMakeTmp

Run Build Command:"/usr/bin/make" "cmTC_187bf/fast"
make[3]: Entering directory '/home/michail/Desktop/PHD_INSIGNEO/PHD/case_study/scedule_work/feasibility_of_project/SEGMENTATION_PIPELINE/CODE/RicianMM/build/KWStyle-build/Utilities/KWSys/CMakeFiles/CMakeTmp'
/usr/bin/make -f CMakeFiles/cmTC_187bf.dir/build.make CMakeFiles/cmTC_187bf.dir/build
make[4]: Entering directory '/home/michail/Desktop/PHD_INSIGNEO/PHD/case_study/scedule_work/feasibility_of_project/SEGMENTATION_PIPELINE/CODE/RicianMM/build/KWStyle-build/Utilities/KWSys/CMakeFiles/CMakeTmp'
Building CXX object CMakeFiles/cmTC_187bf.dir/kwsysPlatformTestsCXX.cxx.o
/usr/bin/c++  -DTEST_KWSYS_CXX_HAS_UTIMES  -msse2  -msse2    -o CMakeFiles/cmTC_187bf.dir/kwsysPlatformTestsCXX.cxx.o -c /home/michail/Desktop/PHD_INSIGNEO/PHD/case_study/scedule_work/feasibility_of_project/SEGMENTATION_PIPELINE/CODE/RicianMM/build/KWStyle/Utilities/KWSys/kwsysPlatformTestsCXX.cxx
Linking CXX executable cmTC_187bf
/usr/local/bin/cmake -E cmake_link_script CMakeFiles/cmTC_187bf.dir/link.txt --verbose=1
/usr/bin/c++    -msse2  -msse2     -rdynamic CMakeFiles/cmTC_187bf.dir/kwsysPlatformTestsCXX.cxx.o  -o cmTC_187bf 
make[4]: Leaving directory '/home/michail/Desktop/PHD_INSIGNEO/PHD/case_study/scedule_work/feasibility_of_project/SEGMENTATION_PIPELINE/CODE/RicianMM/build/KWStyle-build/Utilities/KWSys/CMakeFiles/CMakeTmp'
make[3]: Leaving directory '/home/michail/Desktop/PHD_INSIGNEO/PHD/case_study/scedule_work/feasibility_of_project/SEGMENTATION_PIPELINE/CODE/RicianMM/build/KWStyle-build/Utilities/KWSys/CMakeFiles/CMakeTmp'


Checking whether CXX compiler has utimensat compiled with the following output:
Change Dir: /home/michail/Desktop/PHD_INSIGNEO/PHD/case_study/scedule_work/feasibility_of_project/SEGMENTATION_PIPELINE/CODE/RicianMM/build/KWStyle-build/Utilities/KWSys/CMakeFiles/CMakeTmp

Run Build Command:"/usr/bin/make" "cmTC_6a0f1/fast"
make[3]: Entering directory '/home/michail/Desktop/PHD_INSIGNEO/PHD/case_study/scedule_work/feasibility_of_project/SEGMENTATION_PIPELINE/CODE/RicianMM/build/KWStyle-build/Utilities/KWSys/CMakeFiles/CMakeTmp'
/usr/bin/make -f CMakeFiles/cmTC_6a0f1.dir/build.make CMakeFiles/cmTC_6a0f1.dir/build
make[4]: Entering directory '/home/michail/Desktop/PHD_INSIGNEO/PHD/case_study/scedule_work/feasibility_of_project/SEGMENTATION_PIPELINE/CODE/RicianMM/build/KWStyle-build/Utilities/KWSys/CMakeFiles/CMakeTmp'
Building CXX object CMakeFiles/cmTC_6a0f1.dir/kwsysPlatformTestsCXX.cxx.o
/usr/bin/c++  -DTEST_KWSYS_CXX_HAS_UTIMENSAT  -msse2  -msse2    -o CMakeFiles/cmTC_6a0f1.dir/kwsysPlatformTestsCXX.cxx.o -c /home/michail/Desktop/PHD_INSIGNEO/PHD/case_study/scedule_work/feasibility_of_project/SEGMENTATION_PIPELINE/CODE/RicianMM/build/KWStyle/Utilities/KWSys/kwsysPlatformTestsCXX.cxx
Linking CXX executable cmTC_6a0f1
/usr/local/bin/cmake -E cmake_link_script CMakeFiles/cmTC_6a0f1.dir/link.txt --verbose=1
/usr/bin/c++    -msse2  -msse2     -rdynamic CMakeFiles/cmTC_6a0f1.dir/kwsysPlatformTestsCXX.cxx.o  -o cmTC_6a0f1 
make[4]: Leaving directory '/home/michail/Desktop/PHD_INSIGNEO/PHD/case_study/scedule_work/feasibility_of_project/SEGMENTATION_PIPELINE/CODE/RicianMM/build/KWStyle-build/Utilities/KWSys/CMakeFiles/CMakeTmp'
make[3]: Leaving directory '/home/michail/Desktop/PHD_INSIGNEO/PHD/case_study/scedule_work/feasibility_of_project/SEGMENTATION_PIPELINE/CODE/RicianMM/build/KWStyle-build/Utilities/KWSys/CMakeFiles/CMakeTmp'


Checking whether CXX compiler struct stat has st_mtim member compiled with the following output:
Change Dir: /home/michail/Desktop/PHD_INSIGNEO/PHD/case_study/scedule_work/feasibility_of_project/SEGMENTATION_PIPELINE/CODE/RicianMM/build/KWStyle-build/Utilities/KWSys/CMakeFiles/CMakeTmp

Run Build Command:"/usr/bin/make" "cmTC_d5bc0/fast"
make[3]: Entering directory '/home/michail/Desktop/PHD_INSIGNEO/PHD/case_study/scedule_work/feasibility_of_project/SEGMENTATION_PIPELINE/CODE/RicianMM/build/KWStyle-build/Utilities/KWSys/CMakeFiles/CMakeTmp'
/usr/bin/make -f CMakeFiles/cmTC_d5bc0.dir/build.make CMakeFiles/cmTC_d5bc0.dir/build
make[4]: Entering directory '/home/michail/Desktop/PHD_INSIGNEO/PHD/case_study/scedule_work/feasibility_of_project/SEGMENTATION_PIPELINE/CODE/RicianMM/build/KWStyle-build/Utilities/KWSys/CMakeFiles/CMakeTmp'
Building CXX object CMakeFiles/cmTC_d5bc0.dir/kwsysPlatformTestsCXX.cxx.o
/usr/bin/c++  -DTEST_KWSYS_CXX_STAT_HAS_ST_MTIM  -msse2  -msse2    -o CMakeFiles/cmTC_d5bc0.dir/kwsysPlatformTestsCXX.cxx.o -c /home/michail/Desktop/PHD_INSIGNEO/PHD/case_study/scedule_work/feasibility_of_project/SEGMENTATION_PIPELINE/CODE/RicianMM/build/KWStyle/Utilities/KWSys/kwsysPlatformTestsCXX.cxx
Linking CXX executable cmTC_d5bc0
/usr/local/bin/cmake -E cmake_link_script CMakeFiles/cmTC_d5bc0.dir/link.txt --verbose=1
/usr/bin/c++    -msse2  -msse2     -rdynamic CMakeFiles/cmTC_d5bc0.dir/kwsysPlatformTestsCXX.cxx.o  -o cmTC_d5bc0 
make[4]: Leaving directory '/home/michail/Desktop/PHD_INSIGNEO/PHD/case_study/scedule_work/feasibility_of_project/SEGMENTATION_PIPELINE/CODE/RicianMM/build/KWStyle-build/Utilities/KWSys/CMakeFiles/CMakeTmp'
make[3]: Leaving directory '/home/michail/Desktop/PHD_INSIGNEO/PHD/case_study/scedule_work/feasibility_of_project/SEGMENTATION_PIPELINE/CODE/RicianMM/build/KWStyle-build/Utilities/KWSys/CMakeFiles/CMakeTmp'


